<?xml version="1.0" encoding="UTF-8"?>
<!-- Generated by org.testng.reporters.JUnitXMLReporter -->
<testsuite ignored="0" hostname="DESKTOP-EI1707P" failures="1" tests="7" name="Test" time="52.211" errors="0" timestamp="2024-12-18T23:13:10 IST">
  <testcase classname="com.manorama.framework.BaseTest" name="@AfterMethod testResult" time="0.002">
    <failure type="java.lang.AssertionError" message="The following asserts failed:
	Exception occured in while validating Failed while clicking on element:click_on_department.Exceptionelement click intercepted: Element &amp;lt;button class=&amp;quot;btn btn-flat btn-xs&amp;quot; id=&amp;quot;btnSelectDept&amp;quot; type=&amp;quot;button&amp;quot; title=&amp;quot;&amp;quot; onclick=&amp;quot;GetDepartmentList(event);&amp;quot;&amp;gt;...&amp;lt;/button&amp;gt; is not clickable at point (305, 373). Other element would receive the click: &amp;lt;div id=&amp;quot;divMsgBack&amp;quot; style=&amp;quot;background: rgba(0, 0, 0, 0.7); width: 100%; height: 100%; top: 0px; left: 0px; z-index: 2000; position: fixed;&amp;quot;&amp;gt;...&amp;lt;/div&amp;gt;
  (Session info: chrome=131.0.6778.140)
Build info: version: &amp;apos;4.17.0&amp;apos;, revision: &amp;apos;e52b1be057*&amp;apos;
System info: os.name: &amp;apos;Windows 10&amp;apos;, os.arch: &amp;apos;amd64&amp;apos;, os.version: &amp;apos;10.0&amp;apos;, java.version: &amp;apos;17.0.7&amp;apos;
Driver info: org.openqa.selenium.chrome.ChromeDriver
Command: [53d83b02d259f007fc442ed039399835, clickElement {id=f.845560D336D9A676A02A4B8A02DC1B2C.d.890FF9BB18029F999B6914DDDA128551.e.418}]
Capabilities {acceptInsecureCerts: false, browserName: chrome, browserVersion: 131.0.6778.140, chrome: {chromedriverVersion: 131.0.6778.108 (3b014839fbc..., userDataDir: C:\Users\Admin\AppData\Loca...}, fedcm:accounts: true, goog:chromeOptions: {debuggerAddress: localhost:56696}, networkConnectionEnabled: false, pageLoadStrategy: normal, platformName: windows, proxy: Proxy(), se:cdp: ws://localhost:56696/devtoo..., se:cdpVersion: 131.0.6778.140, setWindowRect: true, strictFileInteractability: false, timeouts: {implicit: 0, pageLoad: 300000, script: 30000}, unhandledPromptBehavior: dismiss and notify, webauthn:extension:credBlob: true, webauthn:extension:largeBlob: true, webauthn:extension:minPinLength: true, webauthn:extension:prf: true, webauthn:virtualAuthenticators: true}
Element: [[ChromeDriver: chrome on windows (53d83b02d259f007fc442ed039399835)] -&amp;gt; xpath: //button[@id=&amp;apos;btnSelectDept&amp;apos; and @onclick=&amp;apos;GetDepartmentList(event);&amp;apos;]]
Session ID: 53d83b02d259f007fc442ed039399835 expected [true] but found [false]">
      <![CDATA[java.lang.AssertionError: The following asserts failed:
Exception occured in while validating Failed while clicking on element:click_on_department.Exceptionelement click intercepted: Element <button class="btn btn-flat btn-xs" id="btnSelectDept" type="button" title="" onclick="GetDepartmentList(event);">...</button> is not clickable at point (305, 373). Other element would receive the click: <div id="divMsgBack" style="background: rgba(0, 0, 0, 0.7); width: 100%; height: 100%; top: 0px; left: 0px; z-index: 2000; position: fixed;">...</div>
  (Session info: chrome=131.0.6778.140)
Build info: version: '4.17.0', revision: 'e52b1be057*'
System info: os.name: 'Windows 10', os.arch: 'amd64', os.version: '10.0', java.version: '17.0.7'
Driver info: org.openqa.selenium.chrome.ChromeDriver
Command: [53d83b02d259f007fc442ed039399835, clickElement {id=f.845560D336D9A676A02A4B8A02DC1B2C.d.890FF9BB18029F999B6914DDDA128551.e.418}]
Capabilities {acceptInsecureCerts: false, browserName: chrome, browserVersion: 131.0.6778.140, chrome: {chromedriverVersion: 131.0.6778.108 (3b014839fbc..., userDataDir: C:\Users\Admin\AppData\Loca...}, fedcm:accounts: true, goog:chromeOptions: {debuggerAddress: localhost:56696}, networkConnectionEnabled: false, pageLoadStrategy: normal, platformName: windows, proxy: Proxy(), se:cdp: ws://localhost:56696/devtoo..., se:cdpVersion: 131.0.6778.140, setWindowRect: true, strictFileInteractability: false, timeouts: {implicit: 0, pageLoad: 300000, script: 30000}, unhandledPromptBehavior: dismiss and notify, webauthn:extension:credBlob: true, webauthn:extension:largeBlob: true, webauthn:extension:minPinLength: true, webauthn:extension:prf: true, webauthn:virtualAuthenticators: true}
Element: [[ChromeDriver: chrome on windows (53d83b02d259f007fc442ed039399835)] -> xpath: //button[@id='btnSelectDept' and @onclick='GetDepartmentList(event);']]
Session ID: 53d83b02d259f007fc442ed039399835 expected [true] but found [false]
at com.manorama.framework.BaseTest.testResult(BaseTest.java:132)
at java.base/java.util.ArrayList.forEach(ArrayList.java:1511)
... Removed 37 stack frames]]>
    </failure>
  </testcase> <!-- @AfterMethod testResult -->
  <testcase classname="com.manorama.framework.BaseTest" name="@BeforeMethod startReporting" time="-1.734543790208E9">
    <skipped/>
  </testcase> <!-- @BeforeMethod startReporting -->
  <testcase classname="com.manorama.framework.BaseTest" name="@AfterMethod testResult" time="-1.734543790219E9">
    <skipped/>
  </testcase> <!-- @AfterMethod testResult -->
  <testcase classname="com.manorama.framework.BaseTest" name="@BeforeMethod startReporting" time="-1.734543790224E9">
    <skipped/>
  </testcase> <!-- @BeforeMethod startReporting -->
  <testcase classname="com.manorama.framework.BaseTest" name="@AfterMethod testResult" time="-1.734543790234E9">
    <skipped/>
  </testcase> <!-- @AfterMethod testResult -->
  <testcase classname="com.manorama.framework.BaseTest" name="@BeforeMethod startReporting" time="-1.734543790237E9">
    <skipped/>
  </testcase> <!-- @BeforeMethod startReporting -->
  <testcase classname="com.manorama.framework.BaseTest" name="@AfterMethod testResult" time="-1.734543790246E9">
    <skipped/>
  </testcase> <!-- @AfterMethod testResult -->
  <testcase classname="com.manorama.framework.BaseTest" name="@BeforeMethod startReporting" time="-1.734543790249E9">
    <skipped/>
  </testcase> <!-- @BeforeMethod startReporting -->
  <testcase classname="com.manorama.framework.BaseTest" name="@AfterMethod testResult" time="-1.73454379026E9">
    <skipped/>
  </testcase> <!-- @AfterMethod testResult -->
  <testcase classname="com.manorama.framework.BaseTest" name="@BeforeMethod startReporting" time="-1.734543790264E9">
    <skipped/>
  </testcase> <!-- @BeforeMethod startReporting -->
  <testcase classname="com.manorama.framework.BaseTest" name="@AfterMethod testResult" time="-1.734543790274E9">
    <skipped/>
  </testcase> <!-- @AfterMethod testResult -->
  <testcase classname="com.manorama.framework.BaseTest" name="@BeforeMethod startReporting" time="-1.734543790276E9">
    <skipped/>
  </testcase> <!-- @BeforeMethod startReporting -->
  <testcase classname="com.manorama.framework.BaseTest" name="@AfterMethod testResult" time="-1.734543790286E9">
    <skipped/>
  </testcase> <!-- @AfterMethod testResult -->
  <testcase classname="com.manorama.testClasses.SmokePath" name="registration_Manorama" time="47.356">
    <failure type="java.lang.AssertionError" message="null">
      <![CDATA[java.lang.AssertionError: null
at com.manorama.framework.AssertManager.sAssertException(AssertManager.java:163)
at com.manorama.utils.UIUtils.clickElement(UIUtils.java:467)
at com.manorama.pageClasses.Manorama_Registrationpage.clickOndepartment(Manorama_Registrationpage.java:201)
at com.manorama.testClasses.SmokePath.registration_Manorama(SmokePath.java:38)
at java.base/java.util.ArrayList.forEach(ArrayList.java:1511)
... Removed 32 stack frames]]>
    </failure>
  </testcase> <!-- registration_Manorama -->
  <testcase classname="com.manorama.testClasses.SmokePath" name="registration_bill_cancel_Manorama" time="0.0">
    <skipped/>
  </testcase> <!-- registration_bill_cancel_Manorama -->
  <testcase classname="com.manorama.testClasses.SmokePath" name="update_patient_name" time="0.0">
    <skipped/>
  </testcase> <!-- update_patient_name -->
  <testcase classname="com.manorama.testClasses.SmokePath" name="visitDetails" time="0.0">
    <skipped/>
  </testcase> <!-- visitDetails -->
  <testcase classname="com.manorama.testClasses.SmokePath" name="modeOfPayment" time="0.001">
    <skipped/>
  </testcase> <!-- modeOfPayment -->
  <testcase classname="com.manorama.testClasses.SmokePath" name="search_functions" time="0.0">
    <skipped/>
  </testcase> <!-- search_functions -->
  <testcase classname="com.manorama.testClasses.SmokePath" name="patient_followup_vist" time="0.0">
    <skipped/>
  </testcase> <!-- patient_followup_vist -->
</testsuite> <!-- Test -->
