<?xml version="1.0" encoding="UTF-8"?>
<testsuite xmlns:xsi="http://www.w3.org/2001/XMLSchema-instance" xsi:schemaLocation="https://maven.apache.org/surefire/maven-surefire-plugin/xsd/surefire-test-report.xsd" name="TestSuite" time="55.38" tests="20" errors="0" skipped="18" failures="2">
  <properties>
    <property name="java.runtime.name" value="Java(TM) SE Runtime Environment"/>
    <property name="java.vm.version" value="17.0.7+8-LTS-224"/>
    <property name="sun.boot.library.path" value="C:\Program Files\Java\jdk-17\bin"/>
    <property name="maven.multiModuleProjectDirectory" value="C:\\Users\\Admin\\Manorama_workSpace\\manorama"/>
    <property name="java.vm.vendor" value="Oracle Corporation"/>
    <property name="java.vendor.url" value="https://java.oracle.com/"/>
    <property name="guice.disable.misplaced.annotation.check" value="true"/>
    <property name="path.separator" value=";"/>
    <property name="java.vm.name" value="Java HotSpot(TM) 64-Bit Server VM"/>
    <property name="sun.os.patch.level" value=""/>
    <property name="user.script" value=""/>
    <property name="user.country" value="US"/>
    <property name="sun.java.launcher" value="SUN_STANDARD"/>
    <property name="java.vm.specification.name" value="Java Virtual Machine Specification"/>
    <property name="user.dir" value="C:\Users\Admin\Manorama_workSpace\manorama"/>
    <property name="java.vm.compressedOopsMode" value="Zero based"/>
    <property name="java.runtime.version" value="17.0.7+8-LTS-224"/>
    <property name="os.arch" value="amd64"/>
    <property name="java.io.tmpdir" value="C:\Users\Admin\AppData\Local\Temp\"/>
    <property name="line.separator" value="&#10;"/>
    <property name="java.vm.specification.vendor" value="Oracle Corporation"/>
    <property name="user.variant" value=""/>
    <property name="os.name" value="Windows 10"/>
    <property name="classworlds.conf" value="C:\\Program Files\\apache-maven-3.8.8\\bin\\m2.conf"/>
    <property name="sun.jnu.encoding" value="Cp1252"/>
    <property name="java.library.path" value="C:\Program Files\Java\jdk-17\bin;C:\Windows\Sun\Java\bin;C:\Windows\system32;C:\Windows;C:\Program Files\Common Files\Oracle\Java\javapath;C:\Windows\system32;C:\Windows;C:\Windows\System32\Wbem;C:\Windows\System32\WindowsPowerShell\v1.0\;C:\Windows\System32\OpenSSH\;C:\Program Files\allure-2.32.0\bin;C:\Program Files\Git\cmd;C:\Program Files\apache-maven-3.8.8\bin;C:\Program Files\Scripts\;C:\Program Files\;C:\Users\Admin\AppData\Local\Microsoft\WindowsApps;;C:\Program Files\JetBrains\PyCharm Community Edition 2024.3\bin;;."/>
    <property name="maven.conf" value="C:\\Program Files\\apache-maven-3.8.8/conf"/>
    <property name="jdk.debug" value="release"/>
    <property name="java.class.version" value="61.0"/>
    <property name="java.specification.name" value="Java Platform API Specification"/>
    <property name="sun.management.compiler" value="HotSpot 64-Bit Tiered Compilers"/>
    <property name="os.version" value="10.0"/>
    <property name="library.jansi.path" value="C:\\Program Files\\apache-maven-3.8.8\\lib\\jansi-native"/>
    <property name="user.home" value="C:\Users\Admin"/>
    <property name="user.timezone" value="Asia/Calcutta"/>
    <property name="file.encoding" value="Cp1252"/>
    <property name="java.specification.version" value="17"/>
    <property name="user.name" value="Admin"/>
    <property name="java.class.path" value="C:\\Program Files\\apache-maven-3.8.8\\boot\\plexus-classworlds-2.6.0.jar"/>
    <property name="java.vm.specification.version" value="17"/>
    <property name="sun.arch.data.model" value="64"/>
    <property name="sun.java.command" value="org.codehaus.plexus.classworlds.launcher.Launcher install"/>
    <property name="java.home" value="C:\Program Files\Java\jdk-17"/>
    <property name="user.language" value="en"/>
    <property name="java.specification.vendor" value="Oracle Corporation"/>
    <property name="java.vm.info" value="mixed mode, sharing"/>
    <property name="java.version" value="17.0.7"/>
    <property name="native.encoding" value="Cp1252"/>
    <property name="java.vendor" value="Oracle Corporation"/>
    <property name="sun.stderr.encoding" value="cp437"/>
    <property name="maven.home" value="C:\Program Files\apache-maven-3.8.8"/>
    <property name="file.separator" value="\"/>
    <property name="java.version.date" value="2023-04-18"/>
    <property name="java.vendor.url.bug" value="https://bugreport.java.com/bugreport/"/>
    <property name="sun.io.unicode.encoding" value="UnicodeLittle"/>
    <property name="sun.cpu.endian" value="little"/>
    <property name="sun.stdout.encoding" value="cp437"/>
    <property name="sun.cpu.isalist" value="amd64"/>
  </properties>
  <testcase name="registration_Manorama" classname="com.manorama.testClasses.SmokePath" time="47.369">
    <failure type="java.lang.AssertionError:">java.lang.AssertionError: null
	at com.manorama.testClasses.SmokePath.registration_Manorama(SmokePath.java:38)
</failure>
    <system-out><![CDATA[[TestNG] [WARN] Ignoring duplicate listener : io.qameta.allure.testng.AllureTestNg
[TestNG] [WARN] Ignoring duplicate listener : io.qameta.allure.testng.AllureTestNg
[TestNG] [WARN] Ignoring duplicate listener : io.qameta.allure.testng.AllureTestNg
2024-12-18 23:12:18 INFO  BaseTest:49 - ---INFO--- *********EXECUTION STARTED**********


2024-12-18 23:12:22 INFO  BaseTest:49 - ---INFO--- ---INFO---Strating test case registration_Manorama
2024-12-18 23:12:22 INFO  BaseTest:49 - ---INFO--- ---INFO--- <b>Going to login into TURBOPARTNERS application using Developer credential<b>
2024-12-18 23:12:30 INFO  BaseTest:49 - ---INFO--- ---INFO--- Entered text:testing on element:Sign-In-email, Phone or Skype text field
2024-12-18 23:12:33 INFO  BaseTest:49 - ---INFO--- ---INFO--- Entered text:user on element:Password text field
2024-12-18 23:12:45 INFO  BaseTest:49 - ---INFO--- ---INFO--- Clicked on element:Sign-In button
pageTitleOPD Registration
2024-12-18 23:12:49 INFO  BaseTest:49 - ---INFO--- ---INFO--- <b><Going to valiadate page title><b>
2024-12-18 23:12:51 INFO  BaseTest:49 - ---INFO--- ---INFO--- Element:Search link is availble text value:Search Patient.
2024-12-18 23:12:52 INFO  BaseTest:49 - ---INFO--- ---INFO--- Selected dropdown value as :MR. on element::Select_dropdown_Prefix.
2024-12-18 23:12:54 INFO  BaseTest:49 - ---INFO--- ---INFO--- Entered text:Krishna  on element:Enter name
2024-12-18 23:12:55 INFO  BaseTest:49 - ---INFO--- ---INFO--- Entered text:Nayudu on element:Enter middle name
2024-12-18 23:12:57 INFO  BaseTest:49 - ---INFO--- ---INFO--- Entered text:Kota on element:Enter Last name
final name :Krishna Nayudu Kota
2024-12-18 23:12:58 INFO  BaseTest:49 - ---INFO--- ---INFO--- Element:Verify Helth card name text value:Krishna Nayudu Kota.
2024-12-18 23:12:59 INFO  BaseTest:49 - ---INFO--- ---INFO--- Element:verify name on print text value:MR. Krishna Nayudu Kota.
2024-12-18 23:13:01 INFO  BaseTest:49 - ---INFO--- ---INFO--- Entered text:38 on element:Enter_year_name
---SELECT---
 MALE
 FEMALE
 TRANSGENDER
 UNDETERMINED
2024-12-18 23:13:04 INFO  BaseTest:49 - ---INFO--- ---INFO--- Entered text:"9004343873" on element:mobileumber enter
2024-12-18 23:13:05 INFO  BaseTest:49 - ---INFO--- ---INFO--- Entered text:Hyderabad on element:enter permanent address
2024-12-18 23:13:09 INFO  BaseTest:49 - ---INFO--- ---ERROR--- ---FAIL---Exception occured while validating.Failed while clicking on element:click_on_department.Exceptionelement click intercepted: Element <button class="btn btn-flat btn-xs" id="btnSelectDept" type="button" title="" onclick="GetDepartmentList(event);">...</button> is not clickable at point (305, 373). Other element would receive the click: <div id="divMsgBack" style="background: rgba(0, 0, 0, 0.7); width: 100%; height: 100%; top: 0px; left: 0px; z-index: 2000; position: fixed;">...</div>
  (Session info: chrome=131.0.6778.140)
Build info: version: '4.17.0', revision: 'e52b1be057*'
System info: os.name: 'Windows 10', os.arch: 'amd64', os.version: '10.0', java.version: '17.0.7'
Driver info: org.openqa.selenium.chrome.ChromeDriver
Command: [53d83b02d259f007fc442ed039399835, clickElement {id=f.845560D336D9A676A02A4B8A02DC1B2C.d.890FF9BB18029F999B6914DDDA128551.e.418}]
Capabilities {acceptInsecureCerts: false, browserName: chrome, browserVersion: 131.0.6778.140, chrome: {chromedriverVersion: 131.0.6778.108 (3b014839fbc..., userDataDir: C:\Users\Admin\AppData\Loca...}, fedcm:accounts: true, goog:chromeOptions: {debuggerAddress: localhost:56696}, networkConnectionEnabled: false, pageLoadStrategy: normal, platformName: windows, proxy: Proxy(), se:cdp: ws://localhost:56696/devtoo..., se:cdpVersion: 131.0.6778.140, setWindowRect: true, strictFileInteractability: false, timeouts: {implicit: 0, pageLoad: 300000, script: 30000}, unhandledPromptBehavior: dismiss and notify, webauthn:extension:credBlob: true, webauthn:extension:largeBlob: true, webauthn:extension:minPinLength: true, webauthn:extension:prf: true, webauthn:virtualAuthenticators: true}
Element: [[ChromeDriver: chrome on windows (53d83b02d259f007fc442ed039399835)] -> xpath: //button[@id='btnSelectDept' and @onclick='GetDepartmentList(event);']]
Session ID: 53d83b02d259f007fc442ed039399835 - Failed.
2024-12-18 23:13:10 INFO  BaseTest:49 - ---INFO--- ---FAIL--- ---FAIL---Exception occured while validating.Failed while clicking on element:click_on_department.Exceptionelement click intercepted: Element <button class="btn btn-flat btn-xs" id="btnSelectDept" type="button" title="" onclick="GetDepartmentList(event);">...</button> is not clickable at point (305, 373). Other element would receive the click: <div id="divMsgBack" style="background: rgba(0, 0, 0, 0.7); width: 100%; height: 100%; top: 0px; left: 0px; z-index: 2000; position: fixed;">...</div>
  (Session info: chrome=131.0.6778.140)
Build info: version: '4.17.0', revision: 'e52b1be057*'
System info: os.name: 'Windows 10', os.arch: 'amd64', os.version: '10.0', java.version: '17.0.7'
Driver info: org.openqa.selenium.chrome.ChromeDriver
Command: [53d83b02d259f007fc442ed039399835, clickElement {id=f.845560D336D9A676A02A4B8A02DC1B2C.d.890FF9BB18029F999B6914DDDA128551.e.418}]
Capabilities {acceptInsecureCerts: false, browserName: chrome, browserVersion: 131.0.6778.140, chrome: {chromedriverVersion: 131.0.6778.108 (3b014839fbc..., userDataDir: C:\Users\Admin\AppData\Loca...}, fedcm:accounts: true, goog:chromeOptions: {debuggerAddress: localhost:56696}, networkConnectionEnabled: false, pageLoadStrategy: normal, platformName: windows, proxy: Proxy(), se:cdp: ws://localhost:56696/devtoo..., se:cdpVersion: 131.0.6778.140, setWindowRect: true, strictFileInteractability: false, timeouts: {implicit: 0, pageLoad: 300000, script: 30000}, unhandledPromptBehavior: dismiss and notify, webauthn:extension:credBlob: true, webauthn:extension:largeBlob: true, webauthn:extension:minPinLength: true, webauthn:extension:prf: true, webauthn:virtualAuthenticators: true}
Element: [[ChromeDriver: chrome on windows (53d83b02d259f007fc442ed039399835)] -> xpath: //button[@id='btnSelectDept' and @onclick='GetDepartmentList(event);']]
Session ID: 53d83b02d259f007fc442ed039399835 - Failed.
---FAIL---Exception occured while validating.Failed while clicking on element:click_on_department.Exceptionelement click intercepted: Element <button class="btn btn-flat btn-xs" id="btnSelectDept" type="button" title="" onclick="GetDepartmentList(event);">...</button> is not clickable at point (305, 373). Other element would receive the click: <div id="divMsgBack" style="background: rgba(0, 0, 0, 0.7); width: 100%; height: 100%; top: 0px; left: 0px; z-index: 2000; position: fixed;">...</div>
  (Session info: chrome=131.0.6778.140)
Build info: version: '4.17.0', revision: 'e52b1be057*'
System info: os.name: 'Windows 10', os.arch: 'amd64', os.version: '10.0', java.version: '17.0.7'
Driver info: org.openqa.selenium.chrome.ChromeDriver
Command: [53d83b02d259f007fc442ed039399835, clickElement {id=f.845560D336D9A676A02A4B8A02DC1B2C.d.890FF9BB18029F999B6914DDDA128551.e.418}]
Capabilities {acceptInsecureCerts: false, browserName: chrome, browserVersion: 131.0.6778.140, chrome: {chromedriverVersion: 131.0.6778.108 (3b014839fbc..., userDataDir: C:\Users\Admin\AppData\Loca...}, fedcm:accounts: true, goog:chromeOptions: {debuggerAddress: localhost:56696}, networkConnectionEnabled: false, pageLoadStrategy: normal, platformName: windows, proxy: Proxy(), se:cdp: ws://localhost:56696/devtoo..., se:cdpVersion: 131.0.6778.140, setWindowRect: true, strictFileInteractability: false, timeouts: {implicit: 0, pageLoad: 300000, script: 30000}, unhandledPromptBehavior: dismiss and notify, webauthn:extension:credBlob: true, webauthn:extension:largeBlob: true, webauthn:extension:minPinLength: true, webauthn:extension:prf: true, webauthn:virtualAuthenticators: true}
Element: [[ChromeDriver: chrome on windows (53d83b02d259f007fc442ed039399835)] -> xpath: //button[@id='btnSelectDept' and @onclick='GetDepartmentList(event);']]
Session ID: 53d83b02d259f007fc442ed039399835 - Failed.
]]></system-out>
    <system-err><![CDATA[SLF4J: No SLF4J providers were found.
SLF4J: Defaulting to no-operation (NOP) logger implementation
SLF4J: See https://www.slf4j.org/codes.html#noProviders for further details.
Dec 18, 2024 11:12:22 PM org.openqa.selenium.devtools.CdpVersionFinder findNearestMatch
WARNING: Unable to find CDP implementation matching 131
Dec 18, 2024 11:12:22 PM org.openqa.selenium.chromium.ChromiumDriver lambda$new$5
WARNING: Unable to find version of CDP to use for 131.0.6778.140. You may need to include a dependency on a specific version of the CDP using something similar to `org.seleniumhq.selenium:selenium-devtools-v86:4.17.0` where the version ("v86") matches the version of the chromium-based browser you're using and the version number of the artifact is the same as Selenium's.
final name data :Krishna Nayudu Kota
org.openqa.selenium.ElementClickInterceptedException: element click intercepted: Element <button class="btn btn-flat btn-xs" id="btnSelectDept" type="button" title="" onclick="GetDepartmentList(event);">...</button> is not clickable at point (305, 373). Other element would receive the click: <div id="divMsgBack" style="background: rgba(0, 0, 0, 0.7); width: 100%; height: 100%; top: 0px; left: 0px; z-index: 2000; position: fixed;">...</div>
  (Session info: chrome=131.0.6778.140)
Build info: version: '4.17.0', revision: 'e52b1be057*'
System info: os.name: 'Windows 10', os.arch: 'amd64', os.version: '10.0', java.version: '17.0.7'
Driver info: org.openqa.selenium.chrome.ChromeDriver
Command: [53d83b02d259f007fc442ed039399835, clickElement {id=f.845560D336D9A676A02A4B8A02DC1B2C.d.890FF9BB18029F999B6914DDDA128551.e.418}]
Capabilities {acceptInsecureCerts: false, browserName: chrome, browserVersion: 131.0.6778.140, chrome: {chromedriverVersion: 131.0.6778.108 (3b014839fbc..., userDataDir: C:\Users\Admin\AppData\Loca...}, fedcm:accounts: true, goog:chromeOptions: {debuggerAddress: localhost:56696}, networkConnectionEnabled: false, pageLoadStrategy: normal, platformName: windows, proxy: Proxy(), se:cdp: ws://localhost:56696/devtoo..., se:cdpVersion: 131.0.6778.140, setWindowRect: true, strictFileInteractability: false, timeouts: {implicit: 0, pageLoad: 300000, script: 30000}, unhandledPromptBehavior: dismiss and notify, webauthn:extension:credBlob: true, webauthn:extension:largeBlob: true, webauthn:extension:minPinLength: true, webauthn:extension:prf: true, webauthn:virtualAuthenticators: true}
Element: [[ChromeDriver: chrome on windows (53d83b02d259f007fc442ed039399835)] -> xpath: //button[@id='btnSelectDept' and @onclick='GetDepartmentList(event);']]
Session ID: 53d83b02d259f007fc442ed039399835
	at java.base/jdk.internal.reflect.NativeConstructorAccessorImpl.newInstance0(Native Method)
	at java.base/jdk.internal.reflect.NativeConstructorAccessorImpl.newInstance(NativeConstructorAccessorImpl.java:77)
	at java.base/jdk.internal.reflect.DelegatingConstructorAccessorImpl.newInstance(DelegatingConstructorAccessorImpl.java:45)
	at java.base/java.lang.reflect.Constructor.newInstanceWithCaller(Constructor.java:499)
	at java.base/java.lang.reflect.Constructor.newInstance(Constructor.java:480)
	at org.openqa.selenium.remote.codec.w3c.W3CHttpResponseCodec.createException(W3CHttpResponseCodec.java:185)
	at org.openqa.selenium.remote.codec.w3c.W3CHttpResponseCodec.decode(W3CHttpResponseCodec.java:134)
	at org.openqa.selenium.remote.codec.w3c.W3CHttpResponseCodec.decode(W3CHttpResponseCodec.java:51)
	at org.openqa.selenium.remote.HttpCommandExecutor.execute(HttpCommandExecutor.java:190)
	at org.openqa.selenium.remote.service.DriverCommandExecutor.invokeExecute(DriverCommandExecutor.java:216)
	at org.openqa.selenium.remote.service.DriverCommandExecutor.execute(DriverCommandExecutor.java:174)
	at org.openqa.selenium.remote.RemoteWebDriver.execute(RemoteWebDriver.java:519)
	at org.openqa.selenium.remote.RemoteWebElement.execute(RemoteWebElement.java:223)
	at org.openqa.selenium.remote.RemoteWebElement.click(RemoteWebElement.java:76)
	at com.manorama.utils.UIUtils.clickElement(UIUtils.java:463)
	at com.manorama.pageClasses.Manorama_Registrationpage.clickOndepartment(Manorama_Registrationpage.java:201)
	at com.manorama.testClasses.SmokePath.registration_Manorama(SmokePath.java:38)
	at java.base/jdk.internal.reflect.NativeMethodAccessorImpl.invoke0(Native Method)
	at java.base/jdk.internal.reflect.NativeMethodAccessorImpl.invoke(NativeMethodAccessorImpl.java:77)
	at java.base/jdk.internal.reflect.DelegatingMethodAccessorImpl.invoke(DelegatingMethodAccessorImpl.java:43)
	at java.base/java.lang.reflect.Method.invoke(Method.java:568)
	at org.testng.internal.MethodInvocationHelper.invokeMethod(MethodInvocationHelper.java:133)
	at org.testng.internal.TestInvoker.invokeMethod(TestInvoker.java:598)
	at org.testng.internal.TestInvoker.invokeTestMethod(TestInvoker.java:173)
	at org.testng.internal.MethodRunner.runInSequence(MethodRunner.java:46)
	at org.testng.internal.TestInvoker$MethodInvocationAgent.invoke(TestInvoker.java:824)
	at org.testng.internal.TestInvoker.invokeTestMethods(TestInvoker.java:146)
	at org.testng.internal.TestMethodWorker.invokeTestMethods(TestMethodWorker.java:146)
	at org.testng.internal.TestMethodWorker.run(TestMethodWorker.java:128)
	at java.base/java.util.ArrayList.forEach(ArrayList.java:1511)
	at org.testng.TestRunner.privateRun(TestRunner.java:794)
	at org.testng.TestRunner.run(TestRunner.java:596)
	at org.testng.SuiteRunner.runTest(SuiteRunner.java:377)
	at org.testng.SuiteRunner.runSequentially(SuiteRunner.java:371)
	at org.testng.SuiteRunner.privateRun(SuiteRunner.java:332)
	at org.testng.SuiteRunner.run(SuiteRunner.java:276)
	at org.testng.SuiteRunnerWorker.runSuite(SuiteRunnerWorker.java:53)
	at org.testng.SuiteRunnerWorker.run(SuiteRunnerWorker.java:96)
	at org.testng.TestNG.runSuitesSequentially(TestNG.java:1212)
	at org.testng.TestNG.runSuitesLocally(TestNG.java:1134)
	at org.testng.TestNG.runSuites(TestNG.java:1063)
	at org.testng.TestNG.run(TestNG.java:1031)
	at org.apache.maven.surefire.testng.TestNGExecutor.run(TestNGExecutor.java:281)
	at org.apache.maven.surefire.testng.TestNGXmlTestSuite.execute(TestNGXmlTestSuite.java:75)
	at org.apache.maven.surefire.testng.TestNGProvider.invoke(TestNGProvider.java:121)
	at org.apache.maven.surefire.booter.ForkedBooter.invokeProviderInSameClassLoader(ForkedBooter.java:290)
	at org.apache.maven.surefire.booter.ForkedBooter.runSuitesInProcess(ForkedBooter.java:242)
	at org.apache.maven.surefire.booter.ForkedBooter.main(ForkedBooter.java:121)
]]></system-err>
  </testcase>
  <testcase name="testResult" classname="com.manorama.testClasses.SmokePath" time="47.412">
    <failure message="The following asserts failed:&#10;	Exception occured in while validating Failed while clicking on element:click_on_department.Exceptionelement click intercepted: Element &lt;button class=&quot;btn btn-flat btn-xs&quot; id=&quot;btnSelectDept&quot; type=&quot;button&quot; title=&quot;&quot; onclick=&quot;GetDepartmentList(event);&quot;&gt;...&lt;/button&gt; is not clickable at point (305, 373). Other element would receive the click: &lt;div id=&quot;divMsgBack&quot; style=&quot;background: rgba(0, 0, 0, 0.7); width: 100%; height: 100%; top: 0px; left: 0px; z-index: 2000; position: fixed;&quot;&gt;...&lt;/div&gt;&#10;  (Session info: chrome=131.0.6778.140)&#10;Build info: version: &apos;4.17.0&apos;, revision: &apos;e52b1be057*&apos;&#10;System info: os.name: &apos;Windows 10&apos;, os.arch: &apos;amd64&apos;, os.version: &apos;10.0&apos;, java.version: &apos;17.0.7&apos;&#10;Driver info: org.openqa.selenium.chrome.ChromeDriver&#10;Command: [53d83b02d259f007fc442ed039399835, clickElement {id=f.845560D336D9A676A02A4B8A02DC1B2C.d.890FF9BB18029F999B6914DDDA128551.e.418}]&#10;Capabilities {acceptInsecureCerts: false, browserName: chrome, browserVersion: 131.0.6778.140, chrome: {chromedriverVersion: 131.0.6778.108 (3b014839fbc..., userDataDir: C:\Users\Admin\AppData\Loca...}, fedcm:accounts: true, goog:chromeOptions: {debuggerAddress: localhost:56696}, networkConnectionEnabled: false, pageLoadStrategy: normal, platformName: windows, proxy: Proxy(), se:cdp: ws://localhost:56696/devtoo..., se:cdpVersion: 131.0.6778.140, setWindowRect: true, strictFileInteractability: false, timeouts: {implicit: 0, pageLoad: 300000, script: 30000}, unhandledPromptBehavior: dismiss and notify, webauthn:extension:credBlob: true, webauthn:extension:largeBlob: true, webauthn:extension:minPinLength: true, webauthn:extension:prf: true, webauthn:virtualAuthenticators: true}&#10;Element: [[ChromeDriver: chrome on windows (53d83b02d259f007fc442ed039399835)] -&gt; xpath: //button[@id=&apos;btnSelectDept&apos; and @onclick=&apos;GetDepartmentList(event);&apos;]]&#10;Session ID: 53d83b02d259f007fc442ed039399835 expected [true] but found [false]" type="java.lang.AssertionError"><![CDATA[java.lang.AssertionError: 
The following asserts failed:
	Exception occured in while validating Failed while clicking on element:click_on_department.Exceptionelement click intercepted: Element <button class="btn btn-flat btn-xs" id="btnSelectDept" type="button" title="" onclick="GetDepartmentList(event);">...</button> is not clickable at point (305, 373). Other element would receive the click: <div id="divMsgBack" style="background: rgba(0, 0, 0, 0.7); width: 100%; height: 100%; top: 0px; left: 0px; z-index: 2000; position: fixed;">...</div>
  (Session info: chrome=131.0.6778.140)
Build info: version: '4.17.0', revision: 'e52b1be057*'
System info: os.name: 'Windows 10', os.arch: 'amd64', os.version: '10.0', java.version: '17.0.7'
Driver info: org.openqa.selenium.chrome.ChromeDriver
Command: [53d83b02d259f007fc442ed039399835, clickElement {id=f.845560D336D9A676A02A4B8A02DC1B2C.d.890FF9BB18029F999B6914DDDA128551.e.418}]
Capabilities {acceptInsecureCerts: false, browserName: chrome, browserVersion: 131.0.6778.140, chrome: {chromedriverVersion: 131.0.6778.108 (3b014839fbc..., userDataDir: C:\Users\Admin\AppData\Loca...}, fedcm:accounts: true, goog:chromeOptions: {debuggerAddress: localhost:56696}, networkConnectionEnabled: false, pageLoadStrategy: normal, platformName: windows, proxy: Proxy(), se:cdp: ws://localhost:56696/devtoo..., se:cdpVersion: 131.0.6778.140, setWindowRect: true, strictFileInteractability: false, timeouts: {implicit: 0, pageLoad: 300000, script: 30000}, unhandledPromptBehavior: dismiss and notify, webauthn:extension:credBlob: true, webauthn:extension:largeBlob: true, webauthn:extension:minPinLength: true, webauthn:extension:prf: true, webauthn:virtualAuthenticators: true}
Element: [[ChromeDriver: chrome on windows (53d83b02d259f007fc442ed039399835)] -> xpath: //button[@id='btnSelectDept' and @onclick='GetDepartmentList(event);']]
Session ID: 53d83b02d259f007fc442ed039399835 expected [true] but found [false]
]]></failure>
  </testcase>
  <testcase name="testResult" classname="com.manorama.testClasses.SmokePath" time="0">
    <skipped/>
  </testcase>
  <testcase name="testResult" classname="com.manorama.testClasses.SmokePath" time="0">
    <skipped/>
  </testcase>
  <testcase name="testResult" classname="com.manorama.testClasses.SmokePath" time="0">
    <skipped/>
  </testcase>
  <testcase name="testResult" classname="com.manorama.testClasses.SmokePath" time="0">
    <skipped/>
  </testcase>
  <testcase name="testResult" classname="com.manorama.testClasses.SmokePath" time="0">
    <skipped/>
  </testcase>
  <testcase name="testResult" classname="com.manorama.testClasses.SmokePath" time="0">
    <skipped/>
  </testcase>
  <testcase name="startReporting" classname="com.manorama.testClasses.SmokePath" time="0">
    <skipped/>
  </testcase>
  <testcase name="startReporting" classname="com.manorama.testClasses.SmokePath" time="0">
    <skipped/>
  </testcase>
  <testcase name="startReporting" classname="com.manorama.testClasses.SmokePath" time="0">
    <skipped/>
  </testcase>
  <testcase name="startReporting" classname="com.manorama.testClasses.SmokePath" time="0">
    <skipped/>
  </testcase>
  <testcase name="startReporting" classname="com.manorama.testClasses.SmokePath" time="0">
    <skipped/>
  </testcase>
  <testcase name="startReporting" classname="com.manorama.testClasses.SmokePath" time="0">
    <skipped/>
  </testcase>
  <testcase name="registration_bill_cancel_Manorama" classname="com.manorama.testClasses.SmokePath" time="0">
    <skipped message="The following asserts failed:&#10;	Exception occured in while validating Failed while clicking on element:click_on_department.Exceptionelement click intercepted: Element &lt;button class=&quot;btn btn-flat btn-xs&quot; id=&quot;btnSelectDept&quot; type=&quot;button&quot; title=&quot;&quot; onclick=&quot;GetDepartmentList(event);&quot;&gt;...&lt;/button&gt; is not clickable at point (305, 373). Other element would receive the click: &lt;div id=&quot;divMsgBack&quot; style=&quot;background: rgba(0, 0, 0, 0.7); width: 100%; height: 100%; top: 0px; left: 0px; z-index: 2000; position: fixed;&quot;&gt;...&lt;/div&gt;&#10;  (Session info: chrome=131.0.6778.140)&#10;Build info: version: &apos;4.17.0&apos;, revision: &apos;e52b1be057*&apos;&#10;System info: os.name: &apos;Windows 10&apos;, os.arch: &apos;amd64&apos;, os.version: &apos;10.0&apos;, java.version: &apos;17.0.7&apos;&#10;Driver info: org.openqa.selenium.chrome.ChromeDriver&#10;Command: [53d83b02d259f007fc442ed039399835, clickElement {id=f.845560D336D9A676A02A4B8A02DC1B2C.d.890FF9BB18029F999B6914DDDA128551.e.418}]&#10;Capabilities {acceptInsecureCerts: false, browserName: chrome, browserVersion: 131.0.6778.140, chrome: {chromedriverVersion: 131.0.6778.108 (3b014839fbc..., userDataDir: C:\Users\Admin\AppData\Loca...}, fedcm:accounts: true, goog:chromeOptions: {debuggerAddress: localhost:56696}, networkConnectionEnabled: false, pageLoadStrategy: normal, platformName: windows, proxy: Proxy(), se:cdp: ws://localhost:56696/devtoo..., se:cdpVersion: 131.0.6778.140, setWindowRect: true, strictFileInteractability: false, timeouts: {implicit: 0, pageLoad: 300000, script: 30000}, unhandledPromptBehavior: dismiss and notify, webauthn:extension:credBlob: true, webauthn:extension:largeBlob: true, webauthn:extension:minPinLength: true, webauthn:extension:prf: true, webauthn:virtualAuthenticators: true}&#10;Element: [[ChromeDriver: chrome on windows (53d83b02d259f007fc442ed039399835)] -&gt; xpath: //button[@id=&apos;btnSelectDept&apos; and @onclick=&apos;GetDepartmentList(event);&apos;]]&#10;Session ID: 53d83b02d259f007fc442ed039399835 expected [true] but found [false]"/>
  </testcase>
  <testcase name="update_patient_name" classname="com.manorama.testClasses.SmokePath" time="0">
    <skipped message="The following asserts failed:&#10;	Exception occured in while validating Failed while clicking on element:click_on_department.Exceptionelement click intercepted: Element &lt;button class=&quot;btn btn-flat btn-xs&quot; id=&quot;btnSelectDept&quot; type=&quot;button&quot; title=&quot;&quot; onclick=&quot;GetDepartmentList(event);&quot;&gt;...&lt;/button&gt; is not clickable at point (305, 373). Other element would receive the click: &lt;div id=&quot;divMsgBack&quot; style=&quot;background: rgba(0, 0, 0, 0.7); width: 100%; height: 100%; top: 0px; left: 0px; z-index: 2000; position: fixed;&quot;&gt;...&lt;/div&gt;&#10;  (Session info: chrome=131.0.6778.140)&#10;Build info: version: &apos;4.17.0&apos;, revision: &apos;e52b1be057*&apos;&#10;System info: os.name: &apos;Windows 10&apos;, os.arch: &apos;amd64&apos;, os.version: &apos;10.0&apos;, java.version: &apos;17.0.7&apos;&#10;Driver info: org.openqa.selenium.chrome.ChromeDriver&#10;Command: [53d83b02d259f007fc442ed039399835, clickElement {id=f.845560D336D9A676A02A4B8A02DC1B2C.d.890FF9BB18029F999B6914DDDA128551.e.418}]&#10;Capabilities {acceptInsecureCerts: false, browserName: chrome, browserVersion: 131.0.6778.140, chrome: {chromedriverVersion: 131.0.6778.108 (3b014839fbc..., userDataDir: C:\Users\Admin\AppData\Loca...}, fedcm:accounts: true, goog:chromeOptions: {debuggerAddress: localhost:56696}, networkConnectionEnabled: false, pageLoadStrategy: normal, platformName: windows, proxy: Proxy(), se:cdp: ws://localhost:56696/devtoo..., se:cdpVersion: 131.0.6778.140, setWindowRect: true, strictFileInteractability: false, timeouts: {implicit: 0, pageLoad: 300000, script: 30000}, unhandledPromptBehavior: dismiss and notify, webauthn:extension:credBlob: true, webauthn:extension:largeBlob: true, webauthn:extension:minPinLength: true, webauthn:extension:prf: true, webauthn:virtualAuthenticators: true}&#10;Element: [[ChromeDriver: chrome on windows (53d83b02d259f007fc442ed039399835)] -&gt; xpath: //button[@id=&apos;btnSelectDept&apos; and @onclick=&apos;GetDepartmentList(event);&apos;]]&#10;Session ID: 53d83b02d259f007fc442ed039399835 expected [true] but found [false]"/>
  </testcase>
  <testcase name="visitDetails" classname="com.manorama.testClasses.SmokePath" time="0">
    <skipped message="The following asserts failed:&#10;	Exception occured in while validating Failed while clicking on element:click_on_department.Exceptionelement click intercepted: Element &lt;button class=&quot;btn btn-flat btn-xs&quot; id=&quot;btnSelectDept&quot; type=&quot;button&quot; title=&quot;&quot; onclick=&quot;GetDepartmentList(event);&quot;&gt;...&lt;/button&gt; is not clickable at point (305, 373). Other element would receive the click: &lt;div id=&quot;divMsgBack&quot; style=&quot;background: rgba(0, 0, 0, 0.7); width: 100%; height: 100%; top: 0px; left: 0px; z-index: 2000; position: fixed;&quot;&gt;...&lt;/div&gt;&#10;  (Session info: chrome=131.0.6778.140)&#10;Build info: version: &apos;4.17.0&apos;, revision: &apos;e52b1be057*&apos;&#10;System info: os.name: &apos;Windows 10&apos;, os.arch: &apos;amd64&apos;, os.version: &apos;10.0&apos;, java.version: &apos;17.0.7&apos;&#10;Driver info: org.openqa.selenium.chrome.ChromeDriver&#10;Command: [53d83b02d259f007fc442ed039399835, clickElement {id=f.845560D336D9A676A02A4B8A02DC1B2C.d.890FF9BB18029F999B6914DDDA128551.e.418}]&#10;Capabilities {acceptInsecureCerts: false, browserName: chrome, browserVersion: 131.0.6778.140, chrome: {chromedriverVersion: 131.0.6778.108 (3b014839fbc..., userDataDir: C:\Users\Admin\AppData\Loca...}, fedcm:accounts: true, goog:chromeOptions: {debuggerAddress: localhost:56696}, networkConnectionEnabled: false, pageLoadStrategy: normal, platformName: windows, proxy: Proxy(), se:cdp: ws://localhost:56696/devtoo..., se:cdpVersion: 131.0.6778.140, setWindowRect: true, strictFileInteractability: false, timeouts: {implicit: 0, pageLoad: 300000, script: 30000}, unhandledPromptBehavior: dismiss and notify, webauthn:extension:credBlob: true, webauthn:extension:largeBlob: true, webauthn:extension:minPinLength: true, webauthn:extension:prf: true, webauthn:virtualAuthenticators: true}&#10;Element: [[ChromeDriver: chrome on windows (53d83b02d259f007fc442ed039399835)] -&gt; xpath: //button[@id=&apos;btnSelectDept&apos; and @onclick=&apos;GetDepartmentList(event);&apos;]]&#10;Session ID: 53d83b02d259f007fc442ed039399835 expected [true] but found [false]"/>
  </testcase>
  <testcase name="modeOfPayment" classname="com.manorama.testClasses.SmokePath" time="0">
    <skipped message="The following asserts failed:&#10;	Exception occured in while validating Failed while clicking on element:click_on_department.Exceptionelement click intercepted: Element &lt;button class=&quot;btn btn-flat btn-xs&quot; id=&quot;btnSelectDept&quot; type=&quot;button&quot; title=&quot;&quot; onclick=&quot;GetDepartmentList(event);&quot;&gt;...&lt;/button&gt; is not clickable at point (305, 373). Other element would receive the click: &lt;div id=&quot;divMsgBack&quot; style=&quot;background: rgba(0, 0, 0, 0.7); width: 100%; height: 100%; top: 0px; left: 0px; z-index: 2000; position: fixed;&quot;&gt;...&lt;/div&gt;&#10;  (Session info: chrome=131.0.6778.140)&#10;Build info: version: &apos;4.17.0&apos;, revision: &apos;e52b1be057*&apos;&#10;System info: os.name: &apos;Windows 10&apos;, os.arch: &apos;amd64&apos;, os.version: &apos;10.0&apos;, java.version: &apos;17.0.7&apos;&#10;Driver info: org.openqa.selenium.chrome.ChromeDriver&#10;Command: [53d83b02d259f007fc442ed039399835, clickElement {id=f.845560D336D9A676A02A4B8A02DC1B2C.d.890FF9BB18029F999B6914DDDA128551.e.418}]&#10;Capabilities {acceptInsecureCerts: false, browserName: chrome, browserVersion: 131.0.6778.140, chrome: {chromedriverVersion: 131.0.6778.108 (3b014839fbc..., userDataDir: C:\Users\Admin\AppData\Loca...}, fedcm:accounts: true, goog:chromeOptions: {debuggerAddress: localhost:56696}, networkConnectionEnabled: false, pageLoadStrategy: normal, platformName: windows, proxy: Proxy(), se:cdp: ws://localhost:56696/devtoo..., se:cdpVersion: 131.0.6778.140, setWindowRect: true, strictFileInteractability: false, timeouts: {implicit: 0, pageLoad: 300000, script: 30000}, unhandledPromptBehavior: dismiss and notify, webauthn:extension:credBlob: true, webauthn:extension:largeBlob: true, webauthn:extension:minPinLength: true, webauthn:extension:prf: true, webauthn:virtualAuthenticators: true}&#10;Element: [[ChromeDriver: chrome on windows (53d83b02d259f007fc442ed039399835)] -&gt; xpath: //button[@id=&apos;btnSelectDept&apos; and @onclick=&apos;GetDepartmentList(event);&apos;]]&#10;Session ID: 53d83b02d259f007fc442ed039399835 expected [true] but found [false]"/>
  </testcase>
  <testcase name="search_functions" classname="com.manorama.testClasses.SmokePath" time="0">
    <skipped message="The following asserts failed:&#10;	Exception occured in while validating Failed while clicking on element:click_on_department.Exceptionelement click intercepted: Element &lt;button class=&quot;btn btn-flat btn-xs&quot; id=&quot;btnSelectDept&quot; type=&quot;button&quot; title=&quot;&quot; onclick=&quot;GetDepartmentList(event);&quot;&gt;...&lt;/button&gt; is not clickable at point (305, 373). Other element would receive the click: &lt;div id=&quot;divMsgBack&quot; style=&quot;background: rgba(0, 0, 0, 0.7); width: 100%; height: 100%; top: 0px; left: 0px; z-index: 2000; position: fixed;&quot;&gt;...&lt;/div&gt;&#10;  (Session info: chrome=131.0.6778.140)&#10;Build info: version: &apos;4.17.0&apos;, revision: &apos;e52b1be057*&apos;&#10;System info: os.name: &apos;Windows 10&apos;, os.arch: &apos;amd64&apos;, os.version: &apos;10.0&apos;, java.version: &apos;17.0.7&apos;&#10;Driver info: org.openqa.selenium.chrome.ChromeDriver&#10;Command: [53d83b02d259f007fc442ed039399835, clickElement {id=f.845560D336D9A676A02A4B8A02DC1B2C.d.890FF9BB18029F999B6914DDDA128551.e.418}]&#10;Capabilities {acceptInsecureCerts: false, browserName: chrome, browserVersion: 131.0.6778.140, chrome: {chromedriverVersion: 131.0.6778.108 (3b014839fbc..., userDataDir: C:\Users\Admin\AppData\Loca...}, fedcm:accounts: true, goog:chromeOptions: {debuggerAddress: localhost:56696}, networkConnectionEnabled: false, pageLoadStrategy: normal, platformName: windows, proxy: Proxy(), se:cdp: ws://localhost:56696/devtoo..., se:cdpVersion: 131.0.6778.140, setWindowRect: true, strictFileInteractability: false, timeouts: {implicit: 0, pageLoad: 300000, script: 30000}, unhandledPromptBehavior: dismiss and notify, webauthn:extension:credBlob: true, webauthn:extension:largeBlob: true, webauthn:extension:minPinLength: true, webauthn:extension:prf: true, webauthn:virtualAuthenticators: true}&#10;Element: [[ChromeDriver: chrome on windows (53d83b02d259f007fc442ed039399835)] -&gt; xpath: //button[@id=&apos;btnSelectDept&apos; and @onclick=&apos;GetDepartmentList(event);&apos;]]&#10;Session ID: 53d83b02d259f007fc442ed039399835 expected [true] but found [false]"/>
  </testcase>
  <testcase name="patient_followup_vist" classname="com.manorama.testClasses.SmokePath" time="0">
    <skipped message="The following asserts failed:&#10;	Exception occured in while validating Failed while clicking on element:click_on_department.Exceptionelement click intercepted: Element &lt;button class=&quot;btn btn-flat btn-xs&quot; id=&quot;btnSelectDept&quot; type=&quot;button&quot; title=&quot;&quot; onclick=&quot;GetDepartmentList(event);&quot;&gt;...&lt;/button&gt; is not clickable at point (305, 373). Other element would receive the click: &lt;div id=&quot;divMsgBack&quot; style=&quot;background: rgba(0, 0, 0, 0.7); width: 100%; height: 100%; top: 0px; left: 0px; z-index: 2000; position: fixed;&quot;&gt;...&lt;/div&gt;&#10;  (Session info: chrome=131.0.6778.140)&#10;Build info: version: &apos;4.17.0&apos;, revision: &apos;e52b1be057*&apos;&#10;System info: os.name: &apos;Windows 10&apos;, os.arch: &apos;amd64&apos;, os.version: &apos;10.0&apos;, java.version: &apos;17.0.7&apos;&#10;Driver info: org.openqa.selenium.chrome.ChromeDriver&#10;Command: [53d83b02d259f007fc442ed039399835, clickElement {id=f.845560D336D9A676A02A4B8A02DC1B2C.d.890FF9BB18029F999B6914DDDA128551.e.418}]&#10;Capabilities {acceptInsecureCerts: false, browserName: chrome, browserVersion: 131.0.6778.140, chrome: {chromedriverVersion: 131.0.6778.108 (3b014839fbc..., userDataDir: C:\Users\Admin\AppData\Loca...}, fedcm:accounts: true, goog:chromeOptions: {debuggerAddress: localhost:56696}, networkConnectionEnabled: false, pageLoadStrategy: normal, platformName: windows, proxy: Proxy(), se:cdp: ws://localhost:56696/devtoo..., se:cdpVersion: 131.0.6778.140, setWindowRect: true, strictFileInteractability: false, timeouts: {implicit: 0, pageLoad: 300000, script: 30000}, unhandledPromptBehavior: dismiss and notify, webauthn:extension:credBlob: true, webauthn:extension:largeBlob: true, webauthn:extension:minPinLength: true, webauthn:extension:prf: true, webauthn:virtualAuthenticators: true}&#10;Element: [[ChromeDriver: chrome on windows (53d83b02d259f007fc442ed039399835)] -&gt; xpath: //button[@id=&apos;btnSelectDept&apos; and @onclick=&apos;GetDepartmentList(event);&apos;]]&#10;Session ID: 53d83b02d259f007fc442ed039399835 expected [true] but found [false]"/>
  </testcase>
</testsuite>