<?xml version="1.0" encoding="UTF-8"?>
<!-- Generated by org.testng.reporters.JUnitReportReporter -->
<testsuite hostname="DESKTOP-EI1707P" failures="1" tests="8" name="com.manorama.testClasses.SmokePath" time="202.079" errors="0" timestamp="2024-12-18T21:46:26 IST" skipped="6">
  <testcase classname="com.manorama.testClasses.SmokePath" name="testResult" time="2.193">
    <failure message="The following asserts failed:
	Exception occured in while validating Exception occurred in element: save success fully wait.Expected condition failed: waiting for visibility of all elements located by By.xpath: //label[text()=&#039;Saved Successfully&#039;] (tried for 5 second(s) with 100 milliseconds interval)
Build info: version: &#039;4.17.0&#039;, revision: &#039;e52b1be057*&#039;
System info: os.name: &#039;Windows 10&#039;, os.arch: &#039;amd64&#039;, os.version: &#039;10.0&#039;, java.version: &#039;17.0.8.1&#039;
Driver info: driver.version: unknown expected [true] but found [false]" type="java.lang.AssertionError">
      <![CDATA[java.lang.AssertionError: The following asserts failed:
Exception occured in while validating Exception occurred in element: save success fully wait.Expected condition failed: waiting for visibility of all elements located by By.xpath: //label[text()='Saved Successfully'] (tried for 5 second(s) with 100 milliseconds interval)
Build info: version: '4.17.0', revision: 'e52b1be057*'
System info: os.name: 'Windows 10', os.arch: 'amd64', os.version: '10.0', java.version: '17.0.8.1'
Driver info: driver.version: unknown expected [true] but found [false]
at org.testng.asserts.SoftAssert.assertAll(SoftAssert.java:47)
at org.testng.asserts.SoftAssert.assertAll(SoftAssert.java:31)
at com.manorama.framework.BaseTest.testResult(BaseTest.java:132)
at java.base/jdk.internal.reflect.NativeMethodAccessorImpl.invoke0(Native Method)
at java.base/jdk.internal.reflect.NativeMethodAccessorImpl.invoke(NativeMethodAccessorImpl.java:77)
at java.base/jdk.internal.reflect.DelegatingMethodAccessorImpl.invoke(DelegatingMethodAccessorImpl.java:43)
at java.base/java.lang.reflect.Method.invoke(Method.java:568)
at org.testng.internal.MethodInvocationHelper.invokeMethod(MethodInvocationHelper.java:133)
at org.testng.internal.MethodInvocationHelper.invokeMethodConsideringTimeout(MethodInvocationHelper.java:62)
at org.testng.internal.ConfigInvoker.invokeConfigurationMethod(ConfigInvoker.java:385)
at org.testng.internal.ConfigInvoker.invokeConfigurations(ConfigInvoker.java:321)
at org.testng.internal.TestInvoker.runConfigMethods(TestInvoker.java:700)
at org.testng.internal.TestInvoker.runAfterGroupsConfigurations(TestInvoker.java:676)
at org.testng.internal.TestInvoker.invokeMethod(TestInvoker.java:660)
at org.testng.internal.TestInvoker.invokeTestMethod(TestInvoker.java:173)
at org.testng.internal.MethodRunner.runInSequence(MethodRunner.java:46)
at org.testng.internal.TestInvoker$MethodInvocationAgent.invoke(TestInvoker.java:824)
at org.testng.internal.TestInvoker.invokeTestMethods(TestInvoker.java:146)
at org.testng.internal.TestMethodWorker.invokeTestMethods(TestMethodWorker.java:146)
at org.testng.internal.TestMethodWorker.run(TestMethodWorker.java:128)
at java.base/java.util.ArrayList.forEach(ArrayList.java:1511)
at org.testng.TestRunner.privateRun(TestRunner.java:794)
at org.testng.TestRunner.run(TestRunner.java:596)
at org.testng.SuiteRunner.runTest(SuiteRunner.java:377)
at org.testng.SuiteRunner.runSequentially(SuiteRunner.java:371)
at org.testng.SuiteRunner.privateRun(SuiteRunner.java:332)
at org.testng.SuiteRunner.run(SuiteRunner.java:276)
at org.testng.SuiteRunnerWorker.runSuite(SuiteRunnerWorker.java:53)
at org.testng.SuiteRunnerWorker.run(SuiteRunnerWorker.java:96)
at org.testng.TestNG.runSuitesSequentially(TestNG.java:1212)
at org.testng.TestNG.runSuitesLocally(TestNG.java:1134)
at org.testng.TestNG.runSuites(TestNG.java:1063)
at org.testng.TestNG.run(TestNG.java:1031)
at org.testng.remote.AbstractRemoteTestNG.run(AbstractRemoteTestNG.java:115)
at org.testng.remote.RemoteTestNG.initAndRun(RemoteTestNG.java:293)
at org.testng.remote.RemoteTestNG.main(RemoteTestNG.java:91)
]]>
    </failure>
  </testcase> <!-- testResult -->
  <system-out/>
  <testcase classname="com.manorama.testClasses.SmokePath" name="registration_Manorama" time="199.886"/>
  <system-out/>
  <testcase classname="com.manorama.testClasses.SmokePath" name="registration_bill_cancel_Manorama" time="0.000">
    <skipped/>
  </testcase> <!-- registration_bill_cancel_Manorama -->
  <system-out/>
  <testcase classname="com.manorama.testClasses.SmokePath" name="update_patient_name" time="0.000">
    <skipped/>
  </testcase> <!-- update_patient_name -->
  <system-out/>
  <testcase classname="com.manorama.testClasses.SmokePath" name="visitDetails" time="0.000">
    <skipped/>
  </testcase> <!-- visitDetails -->
  <system-out/>
  <testcase classname="com.manorama.testClasses.SmokePath" name="modeOfPayment" time="0.000">
    <skipped/>
  </testcase> <!-- modeOfPayment -->
  <system-out/>
  <testcase classname="com.manorama.testClasses.SmokePath" name="search_functions" time="0.000">
    <skipped/>
  </testcase> <!-- search_functions -->
  <system-out/>
  <testcase classname="com.manorama.testClasses.SmokePath" name="patient_followup_vist" time="0.000">
    <skipped/>
  </testcase> <!-- patient_followup_vist -->
  <system-out/>
</testsuite> <!-- com.manorama.testClasses.SmokePath -->
