<?xml version="1.0" encoding="UTF-8"?>
<!-- Generated by org.testng.reporters.JUnitReportReporter -->
<testsuite hostname="DESKTOP-EI1707P" failures="2" tests="8" name="com.manorama.testClasses.SmokePath" time="51.705" errors="0" timestamp="2024-12-18T23:13:11 IST" skipped="6">
  <testcase classname="com.manorama.testClasses.SmokePath" name="testResult" time="4.348">
    <failure message="The following asserts failed:
	Exception occured in while validating Failed while clicking on element:click_on_department.Exceptionelement click intercepted: Element &lt;button class=&quot;btn btn-flat btn-xs&quot; id=&quot;btnSelectDept&quot; type=&quot;button&quot; title=&quot;&quot; onclick=&quot;GetDepartmentList(event);&quot;&gt;...&lt;/button&gt; is not clickable at point (305, 373). Other element would receive the click: &lt;div id=&quot;divMsgBack&quot; style=&quot;background: rgba(0, 0, 0, 0.7); width: 100%; height: 100%; top: 0px; left: 0px; z-index: 2000; position: fixed;&quot;&gt;...&lt;/div&gt;
  (Session info: chrome=131.0.6778.140)
Build info: version: &#039;4.17.0&#039;, revision: &#039;e52b1be057*&#039;
System info: os.name: &#039;Windows 10&#039;, os.arch: &#039;amd64&#039;, os.version: &#039;10.0&#039;, java.version: &#039;17.0.7&#039;
Driver info: org.openqa.selenium.chrome.ChromeDriver
Command: [53d83b02d259f007fc442ed039399835, clickElement {id=f.845560D336D9A676A02A4B8A02DC1B2C.d.890FF9BB18029F999B6914DDDA128551.e.418}]
Capabilities {acceptInsecureCerts: false, browserName: chrome, browserVersion: 131.0.6778.140, chrome: {chromedriverVersion: 131.0.6778.108 (3b014839fbc..., userDataDir: C:\Users\Admin\AppData\Loca...}, fedcm:accounts: true, goog:chromeOptions: {debuggerAddress: localhost:56696}, networkConnectionEnabled: false, pageLoadStrategy: normal, platformName: windows, proxy: Proxy(), se:cdp: ws://localhost:56696/devtoo..., se:cdpVersion: 131.0.6778.140, setWindowRect: true, strictFileInteractability: false, timeouts: {implicit: 0, pageLoad: 300000, script: 30000}, unhandledPromptBehavior: dismiss and notify, webauthn:extension:credBlob: true, webauthn:extension:largeBlob: true, webauthn:extension:minPinLength: true, webauthn:extension:prf: true, webauthn:virtualAuthenticators: true}
Element: [[ChromeDriver: chrome on windows (53d83b02d259f007fc442ed039399835)] -&gt; xpath: //button[@id=&#039;btnSelectDept&#039; and @onclick=&#039;GetDepartmentList(event);&#039;]]
Session ID: 53d83b02d259f007fc442ed039399835 expected [true] but found [false]" type="java.lang.AssertionError">
      <![CDATA[java.lang.AssertionError: The following asserts failed:
Exception occured in while validating Failed while clicking on element:click_on_department.Exceptionelement click intercepted: Element <button class="btn btn-flat btn-xs" id="btnSelectDept" type="button" title="" onclick="GetDepartmentList(event);">...</button> is not clickable at point (305, 373). Other element would receive the click: <div id="divMsgBack" style="background: rgba(0, 0, 0, 0.7); width: 100%; height: 100%; top: 0px; left: 0px; z-index: 2000; position: fixed;">...</div>
  (Session info: chrome=131.0.6778.140)
Build info: version: '4.17.0', revision: 'e52b1be057*'
System info: os.name: 'Windows 10', os.arch: 'amd64', os.version: '10.0', java.version: '17.0.7'
Driver info: org.openqa.selenium.chrome.ChromeDriver
Command: [53d83b02d259f007fc442ed039399835, clickElement {id=f.845560D336D9A676A02A4B8A02DC1B2C.d.890FF9BB18029F999B6914DDDA128551.e.418}]
Capabilities {acceptInsecureCerts: false, browserName: chrome, browserVersion: 131.0.6778.140, chrome: {chromedriverVersion: 131.0.6778.108 (3b014839fbc..., userDataDir: C:\Users\Admin\AppData\Loca...}, fedcm:accounts: true, goog:chromeOptions: {debuggerAddress: localhost:56696}, networkConnectionEnabled: false, pageLoadStrategy: normal, platformName: windows, proxy: Proxy(), se:cdp: ws://localhost:56696/devtoo..., se:cdpVersion: 131.0.6778.140, setWindowRect: true, strictFileInteractability: false, timeouts: {implicit: 0, pageLoad: 300000, script: 30000}, unhandledPromptBehavior: dismiss and notify, webauthn:extension:credBlob: true, webauthn:extension:largeBlob: true, webauthn:extension:minPinLength: true, webauthn:extension:prf: true, webauthn:virtualAuthenticators: true}
Element: [[ChromeDriver: chrome on windows (53d83b02d259f007fc442ed039399835)] -> xpath: //button[@id='btnSelectDept' and @onclick='GetDepartmentList(event);']]
Session ID: 53d83b02d259f007fc442ed039399835 expected [true] but found [false]
at org.testng.asserts.SoftAssert.assertAll(SoftAssert.java:47)
at org.testng.asserts.SoftAssert.assertAll(SoftAssert.java:31)
at com.manorama.framework.BaseTest.testResult(BaseTest.java:132)
at java.base/jdk.internal.reflect.NativeMethodAccessorImpl.invoke0(Native Method)
at java.base/jdk.internal.reflect.NativeMethodAccessorImpl.invoke(NativeMethodAccessorImpl.java:77)
at java.base/jdk.internal.reflect.DelegatingMethodAccessorImpl.invoke(DelegatingMethodAccessorImpl.java:43)
at java.base/java.lang.reflect.Method.invoke(Method.java:568)
at org.testng.internal.MethodInvocationHelper.invokeMethod(MethodInvocationHelper.java:133)
at org.testng.internal.MethodInvocationHelper.invokeMethodConsideringTimeout(MethodInvocationHelper.java:62)
at org.testng.internal.ConfigInvoker.invokeConfigurationMethod(ConfigInvoker.java:385)
at org.testng.internal.ConfigInvoker.invokeConfigurations(ConfigInvoker.java:321)
at org.testng.internal.TestInvoker.runConfigMethods(TestInvoker.java:700)
at org.testng.internal.TestInvoker.runAfterGroupsConfigurations(TestInvoker.java:676)
at org.testng.internal.TestInvoker.invokeMethod(TestInvoker.java:660)
at org.testng.internal.TestInvoker.invokeTestMethod(TestInvoker.java:173)
at org.testng.internal.MethodRunner.runInSequence(MethodRunner.java:46)
at org.testng.internal.TestInvoker$MethodInvocationAgent.invoke(TestInvoker.java:824)
at org.testng.internal.TestInvoker.invokeTestMethods(TestInvoker.java:146)
at org.testng.internal.TestMethodWorker.invokeTestMethods(TestMethodWorker.java:146)
at org.testng.internal.TestMethodWorker.run(TestMethodWorker.java:128)
at java.base/java.util.ArrayList.forEach(ArrayList.java:1511)
at org.testng.TestRunner.privateRun(TestRunner.java:794)
at org.testng.TestRunner.run(TestRunner.java:596)
at org.testng.SuiteRunner.runTest(SuiteRunner.java:377)
at org.testng.SuiteRunner.runSequentially(SuiteRunner.java:371)
at org.testng.SuiteRunner.privateRun(SuiteRunner.java:332)
at org.testng.SuiteRunner.run(SuiteRunner.java:276)
at org.testng.SuiteRunnerWorker.runSuite(SuiteRunnerWorker.java:53)
at org.testng.SuiteRunnerWorker.run(SuiteRunnerWorker.java:96)
at org.testng.TestNG.runSuitesSequentially(TestNG.java:1212)
at org.testng.TestNG.runSuitesLocally(TestNG.java:1134)
at org.testng.TestNG.runSuites(TestNG.java:1063)
at org.testng.TestNG.run(TestNG.java:1031)
at org.apache.maven.surefire.testng.TestNGExecutor.run(TestNGExecutor.java:281)
at org.apache.maven.surefire.testng.TestNGXmlTestSuite.execute(TestNGXmlTestSuite.java:75)
at org.apache.maven.surefire.testng.TestNGProvider.invoke(TestNGProvider.java:121)
at org.apache.maven.surefire.booter.ForkedBooter.invokeProviderInSameClassLoader(ForkedBooter.java:290)
at org.apache.maven.surefire.booter.ForkedBooter.runSuitesInProcess(ForkedBooter.java:242)
at org.apache.maven.surefire.booter.ForkedBooter.main(ForkedBooter.java:121)
]]>
    </failure>
  </testcase> <!-- testResult -->
  <system-out/>
  <testcase classname="com.manorama.testClasses.SmokePath" name="registration_Manorama" time="47.356">
    <failure message="null" type="java.lang.AssertionError">
      <![CDATA[java.lang.AssertionError: null
at org.testng.Assert.fail(Assert.java:99)
at org.testng.Assert.fail(Assert.java:106)
at com.manorama.framework.AssertManager.sAssertException(AssertManager.java:163)
at com.manorama.utils.UIUtils.clickElement(UIUtils.java:467)
at com.manorama.pageClasses.Manorama_Registrationpage.clickOndepartment(Manorama_Registrationpage.java:201)
at com.manorama.testClasses.SmokePath.registration_Manorama(SmokePath.java:38)
at java.base/jdk.internal.reflect.NativeMethodAccessorImpl.invoke0(Native Method)
at java.base/jdk.internal.reflect.NativeMethodAccessorImpl.invoke(NativeMethodAccessorImpl.java:77)
at java.base/jdk.internal.reflect.DelegatingMethodAccessorImpl.invoke(DelegatingMethodAccessorImpl.java:43)
at java.base/java.lang.reflect.Method.invoke(Method.java:568)
at org.testng.internal.MethodInvocationHelper.invokeMethod(MethodInvocationHelper.java:133)
at org.testng.internal.TestInvoker.invokeMethod(TestInvoker.java:598)
at org.testng.internal.TestInvoker.invokeTestMethod(TestInvoker.java:173)
at org.testng.internal.MethodRunner.runInSequence(MethodRunner.java:46)
at org.testng.internal.TestInvoker$MethodInvocationAgent.invoke(TestInvoker.java:824)
at org.testng.internal.TestInvoker.invokeTestMethods(TestInvoker.java:146)
at org.testng.internal.TestMethodWorker.invokeTestMethods(TestMethodWorker.java:146)
at org.testng.internal.TestMethodWorker.run(TestMethodWorker.java:128)
at java.base/java.util.ArrayList.forEach(ArrayList.java:1511)
at org.testng.TestRunner.privateRun(TestRunner.java:794)
at org.testng.TestRunner.run(TestRunner.java:596)
at org.testng.SuiteRunner.runTest(SuiteRunner.java:377)
at org.testng.SuiteRunner.runSequentially(SuiteRunner.java:371)
at org.testng.SuiteRunner.privateRun(SuiteRunner.java:332)
at org.testng.SuiteRunner.run(SuiteRunner.java:276)
at org.testng.SuiteRunnerWorker.runSuite(SuiteRunnerWorker.java:53)
at org.testng.SuiteRunnerWorker.run(SuiteRunnerWorker.java:96)
at org.testng.TestNG.runSuitesSequentially(TestNG.java:1212)
at org.testng.TestNG.runSuitesLocally(TestNG.java:1134)
at org.testng.TestNG.runSuites(TestNG.java:1063)
at org.testng.TestNG.run(TestNG.java:1031)
at org.apache.maven.surefire.testng.TestNGExecutor.run(TestNGExecutor.java:281)
at org.apache.maven.surefire.testng.TestNGXmlTestSuite.execute(TestNGXmlTestSuite.java:75)
at org.apache.maven.surefire.testng.TestNGProvider.invoke(TestNGProvider.java:121)
at org.apache.maven.surefire.booter.ForkedBooter.invokeProviderInSameClassLoader(ForkedBooter.java:290)
at org.apache.maven.surefire.booter.ForkedBooter.runSuitesInProcess(ForkedBooter.java:242)
at org.apache.maven.surefire.booter.ForkedBooter.main(ForkedBooter.java:121)
]]>
    </failure>
  </testcase> <!-- registration_Manorama -->
  <system-out/>
  <testcase classname="com.manorama.testClasses.SmokePath" name="registration_bill_cancel_Manorama" time="0.000">
    <skipped/>
  </testcase> <!-- registration_bill_cancel_Manorama -->
  <system-out/>
  <testcase classname="com.manorama.testClasses.SmokePath" name="update_patient_name" time="0.000">
    <skipped/>
  </testcase> <!-- update_patient_name -->
  <system-out/>
  <testcase classname="com.manorama.testClasses.SmokePath" name="visitDetails" time="0.000">
    <skipped/>
  </testcase> <!-- visitDetails -->
  <system-out/>
  <testcase classname="com.manorama.testClasses.SmokePath" name="modeOfPayment" time="0.001">
    <skipped/>
  </testcase> <!-- modeOfPayment -->
  <system-out/>
  <testcase classname="com.manorama.testClasses.SmokePath" name="search_functions" time="0.000">
    <skipped/>
  </testcase> <!-- search_functions -->
  <system-out/>
  <testcase classname="com.manorama.testClasses.SmokePath" name="patient_followup_vist" time="0.000">
    <skipped/>
  </testcase> <!-- patient_followup_vist -->
  <system-out/>
</testsuite> <!-- com.manorama.testClasses.SmokePath -->
