{"uid":"be2549405548169d","name":"Manorama Registration","fullName":"com.manorama.testClasses.SmokePath.registration_Manorama","historyId":"2b8d2f55f0992d395744881cf8f1a5d2","time":{"start":1734543625955,"stop":1734543674372,"duration":48417},"status":"failed","statusMessage":"null","statusTrace":"java.lang.AssertionError: null\r\n\tat org.testng.Assert.fail(Assert.java:99)\r\n\tat org.testng.Assert.fail(Assert.java:106)\r\n\tat com.manorama.framework.AssertManager.sAssertException(AssertManager.java:163)\r\n\tat com.manorama.utils.UIUtils.clickElement(UIUtils.java:467)\r\n\tat com.manorama.pageClasses.Manorama_Registrationpage.clickOndepartment(Manorama_Registrationpage.java:201)\r\n\tat com.manorama.testClasses.SmokePath.registration_Manorama(SmokePath.java:38)\r\n\tat java.base/jdk.internal.reflect.NativeMethodAccessorImpl.invoke0(Native Method)\r\n\tat java.base/jdk.internal.reflect.NativeMethodAccessorImpl.invoke(NativeMethodAccessorImpl.java:77)\r\n\tat java.base/jdk.internal.reflect.DelegatingMethodAccessorImpl.invoke(DelegatingMethodAccessorImpl.java:43)\r\n\tat java.base/java.lang.reflect.Method.invoke(Method.java:568)\r\n\tat org.testng.internal.MethodInvocationHelper.invokeMethod(MethodInvocationHelper.java:133)\r\n\tat org.testng.internal.TestInvoker.invokeMethod(TestInvoker.java:598)\r\n\tat org.testng.internal.TestInvoker.invokeTestMethod(TestInvoker.java:173)\r\n\tat org.testng.internal.MethodRunner.runInSequence(MethodRunner.java:46)\r\n\tat org.testng.internal.TestInvoker$MethodInvocationAgent.invoke(TestInvoker.java:824)\r\n\tat org.testng.internal.TestInvoker.invokeTestMethods(TestInvoker.java:146)\r\n\tat org.testng.internal.TestMethodWorker.invokeTestMethods(TestMethodWorker.java:146)\r\n\tat org.testng.internal.TestMethodWorker.run(TestMethodWorker.java:128)\r\n\tat java.base/java.util.ArrayList.forEach(ArrayList.java:1511)\r\n\tat org.testng.TestRunner.privateRun(TestRunner.java:794)\r\n\tat org.testng.TestRunner.run(TestRunner.java:596)\r\n\tat org.testng.SuiteRunner.runTest(SuiteRunner.java:377)\r\n\tat org.testng.SuiteRunner.runSequentially(SuiteRunner.java:371)\r\n\tat org.testng.SuiteRunner.privateRun(SuiteRunner.java:332)\r\n\tat org.testng.SuiteRunner.run(SuiteRunner.java:276)\r\n\tat org.testng.SuiteRunnerWorker.runSuite(SuiteRunnerWorker.java:53)\r\n\tat org.testng.SuiteRunnerWorker.run(SuiteRunnerWorker.java:96)\r\n\tat org.testng.TestNG.runSuitesSequentially(TestNG.java:1212)\r\n\tat org.testng.TestNG.runSuitesLocally(TestNG.java:1134)\r\n\tat org.testng.TestNG.runSuites(TestNG.java:1063)\r\n\tat org.testng.TestNG.run(TestNG.java:1031)\r\n\tat org.apache.maven.surefire.testng.TestNGExecutor.run(TestNGExecutor.java:281)\r\n\tat org.apache.maven.surefire.testng.TestNGXmlTestSuite.execute(TestNGXmlTestSuite.java:75)\r\n\tat org.apache.maven.surefire.testng.TestNGProvider.invoke(TestNGProvider.java:121)\r\n\tat org.apache.maven.surefire.booter.ForkedBooter.invokeProviderInSameClassLoader(ForkedBooter.java:290)\r\n\tat org.apache.maven.surefire.booter.ForkedBooter.runSuitesInProcess(ForkedBooter.java:242)\r\n\tat org.apache.maven.surefire.booter.ForkedBooter.main(ForkedBooter.java:121)\r\n","flaky":false,"newFailed":false,"newBroken":false,"newPassed":false,"retriesCount":27,"retriesStatusChange":true,"beforeStages":[{"name":"startReporting","time":{"start":1734543621653,"stop":1734543625607,"duration":3954},"description":"","status":"passed","steps":[],"attachments":[],"parameters":[],"stepsCount":0,"attachmentStep":false,"hasContent":false,"shouldDisplayMessage":false,"attachmentsCount":0}],"afterStages":[{"name":"testResult","time":{"start":1734543674390,"stop":1734543674391,"duration":1},"description":"","status":"failed","statusMessage":"The following asserts failed:\n\tException occured in while validating Failed while clicking on element:click_on_department.Exceptionelement click intercepted: Element <button class=\"btn btn-flat btn-xs\" id=\"btnSelectDept\" type=\"button\" title=\"\" onclick=\"GetDepartmentList(event);\">...</button> is not clickable at point (305, 373). Other element would receive the click: <div id=\"divMsgBack\" style=\"background: rgba(0, 0, 0, 0.7); width: 100%; height: 100%; top: 0px; left: 0px; z-index: 2000; position: fixed;\">...</div>\n  (Session info: chrome=131.0.6778.140)\nBuild info: version: '4.17.0', revision: 'e52b1be057*'\nSystem info: os.name: 'Windows 10', os.arch: 'amd64', os.version: '10.0', java.version: '17.0.7'\nDriver info: org.openqa.selenium.chrome.ChromeDriver\nCommand: [04979d6ee679e78058979a5442005761, clickElement {id=f.E9751FB41C24B32BA2EC046A210DAC3C.d.5996AE591BA93D4DDCEC792B0D3851C0.e.427}]\nCapabilities {acceptInsecureCerts: false, browserName: chrome, browserVersion: 131.0.6778.140, chrome: {chromedriverVersion: 131.0.6778.108 (3b014839fbc..., userDataDir: C:\\Users\\Admin\\AppData\\Loca...}, fedcm:accounts: true, goog:chromeOptions: {debuggerAddress: localhost:56608}, networkConnectionEnabled: false, pageLoadStrategy: normal, platformName: windows, proxy: Proxy(), se:cdp: ws://localhost:56608/devtoo..., se:cdpVersion: 131.0.6778.140, setWindowRect: true, strictFileInteractability: false, timeouts: {implicit: 0, pageLoad: 300000, script: 30000}, unhandledPromptBehavior: dismiss and notify, webauthn:extension:credBlob: true, webauthn:extension:largeBlob: true, webauthn:extension:minPinLength: true, webauthn:extension:prf: true, webauthn:virtualAuthenticators: true}\nElement: [[ChromeDriver: chrome on windows (04979d6ee679e78058979a5442005761)] -> xpath: //button[@id='btnSelectDept' and @onclick='GetDepartmentList(event);']]\nSession ID: 04979d6ee679e78058979a5442005761 expected [true] but found [false]","statusTrace":"java.lang.AssertionError: The following asserts failed:\n\tException occured in while validating Failed while clicking on element:click_on_department.Exceptionelement click intercepted: Element <button class=\"btn btn-flat btn-xs\" id=\"btnSelectDept\" type=\"button\" title=\"\" onclick=\"GetDepartmentList(event);\">...</button> is not clickable at point (305, 373). Other element would receive the click: <div id=\"divMsgBack\" style=\"background: rgba(0, 0, 0, 0.7); width: 100%; height: 100%; top: 0px; left: 0px; z-index: 2000; position: fixed;\">...</div>\n  (Session info: chrome=131.0.6778.140)\nBuild info: version: '4.17.0', revision: 'e52b1be057*'\nSystem info: os.name: 'Windows 10', os.arch: 'amd64', os.version: '10.0', java.version: '17.0.7'\nDriver info: org.openqa.selenium.chrome.ChromeDriver\nCommand: [04979d6ee679e78058979a5442005761, clickElement {id=f.E9751FB41C24B32BA2EC046A210DAC3C.d.5996AE591BA93D4DDCEC792B0D3851C0.e.427}]\nCapabilities {acceptInsecureCerts: false, browserName: chrome, browserVersion: 131.0.6778.140, chrome: {chromedriverVersion: 131.0.6778.108 (3b014839fbc..., userDataDir: C:\\Users\\Admin\\AppData\\Loca...}, fedcm:accounts: true, goog:chromeOptions: {debuggerAddress: localhost:56608}, networkConnectionEnabled: false, pageLoadStrategy: normal, platformName: windows, proxy: Proxy(), se:cdp: ws://localhost:56608/devtoo..., se:cdpVersion: 131.0.6778.140, setWindowRect: true, strictFileInteractability: false, timeouts: {implicit: 0, pageLoad: 300000, script: 30000}, unhandledPromptBehavior: dismiss and notify, webauthn:extension:credBlob: true, webauthn:extension:largeBlob: true, webauthn:extension:minPinLength: true, webauthn:extension:prf: true, webauthn:virtualAuthenticators: true}\nElement: [[ChromeDriver: chrome on windows (04979d6ee679e78058979a5442005761)] -> xpath: //button[@id='btnSelectDept' and @onclick='GetDepartmentList(event);']]\nSession ID: 04979d6ee679e78058979a5442005761 expected [true] but found [false]\r\n\tat org.testng.asserts.SoftAssert.assertAll(SoftAssert.java:47)\r\n\tat org.testng.asserts.SoftAssert.assertAll(SoftAssert.java:31)\r\n\tat com.manorama.framework.BaseTest.testResult(BaseTest.java:132)\r\n\tat java.base/jdk.internal.reflect.NativeMethodAccessorImpl.invoke0(Native Method)\r\n\tat java.base/jdk.internal.reflect.NativeMethodAccessorImpl.invoke(NativeMethodAccessorImpl.java:77)\r\n\tat java.base/jdk.internal.reflect.DelegatingMethodAccessorImpl.invoke(DelegatingMethodAccessorImpl.java:43)\r\n\tat java.base/java.lang.reflect.Method.invoke(Method.java:568)\r\n\tat org.testng.internal.MethodInvocationHelper.invokeMethod(MethodInvocationHelper.java:133)\r\n\tat org.testng.internal.MethodInvocationHelper.invokeMethodConsideringTimeout(MethodInvocationHelper.java:62)\r\n\tat org.testng.internal.ConfigInvoker.invokeConfigurationMethod(ConfigInvoker.java:385)\r\n\tat org.testng.internal.ConfigInvoker.invokeConfigurations(ConfigInvoker.java:321)\r\n\tat org.testng.internal.TestInvoker.runConfigMethods(TestInvoker.java:700)\r\n\tat org.testng.internal.TestInvoker.runAfterGroupsConfigurations(TestInvoker.java:676)\r\n\tat org.testng.internal.TestInvoker.invokeMethod(TestInvoker.java:660)\r\n\tat org.testng.internal.TestInvoker.invokeTestMethod(TestInvoker.java:173)\r\n\tat org.testng.internal.MethodRunner.runInSequence(MethodRunner.java:46)\r\n\tat org.testng.internal.TestInvoker$MethodInvocationAgent.invoke(TestInvoker.java:824)\r\n\tat org.testng.internal.TestInvoker.invokeTestMethods(TestInvoker.java:146)\r\n\tat org.testng.internal.TestMethodWorker.invokeTestMethods(TestMethodWorker.java:146)\r\n\tat org.testng.internal.TestMethodWorker.run(TestMethodWorker.java:128)\r\n\tat java.base/java.util.ArrayList.forEach(ArrayList.java:1511)\r\n\tat org.testng.TestRunner.privateRun(TestRunner.java:794)\r\n\tat org.testng.TestRunner.run(TestRunner.java:596)\r\n\tat org.testng.SuiteRunner.runTest(SuiteRunner.java:377)\r\n\tat org.testng.SuiteRunner.runSequentially(SuiteRunner.java:371)\r\n\tat org.testng.SuiteRunner.privateRun(SuiteRunner.java:332)\r\n\tat org.testng.SuiteRunner.run(SuiteRunner.java:276)\r\n\tat org.testng.SuiteRunnerWorker.runSuite(SuiteRunnerWorker.java:53)\r\n\tat org.testng.SuiteRunnerWorker.run(SuiteRunnerWorker.java:96)\r\n\tat org.testng.TestNG.runSuitesSequentially(TestNG.java:1212)\r\n\tat org.testng.TestNG.runSuitesLocally(TestNG.java:1134)\r\n\tat org.testng.TestNG.runSuites(TestNG.java:1063)\r\n\tat org.testng.TestNG.run(TestNG.java:1031)\r\n\tat org.apache.maven.surefire.testng.TestNGExecutor.run(TestNGExecutor.java:281)\r\n\tat org.apache.maven.surefire.testng.TestNGXmlTestSuite.execute(TestNGXmlTestSuite.java:75)\r\n\tat org.apache.maven.surefire.testng.TestNGProvider.invoke(TestNGProvider.java:121)\r\n\tat org.apache.maven.surefire.booter.ForkedBooter.invokeProviderInSameClassLoader(ForkedBooter.java:290)\r\n\tat org.apache.maven.surefire.booter.ForkedBooter.runSuitesInProcess(ForkedBooter.java:242)\r\n\tat org.apache.maven.surefire.booter.ForkedBooter.main(ForkedBooter.java:121)\r\n","steps":[],"attachments":[],"parameters":[],"stepsCount":0,"attachmentStep":false,"hasContent":true,"shouldDisplayMessage":true,"attachmentsCount":0}],"labels":[{"name":"package","value":"com.manorama.testClasses.SmokePath"},{"name":"testClass","value":"com.manorama.testClasses.SmokePath"},{"name":"testMethod","value":"registration_Manorama"},{"name":"parentSuite","value":"Suite"},{"name":"suite","value":"Test"},{"name":"subSuite","value":"com.manorama.testClasses.SmokePath"},{"name":"host","value":"DESKTOP-EI1707P"},{"name":"thread","value":"840@DESKTOP-EI1707P.main(1)"},{"name":"framework","value":"testng"},{"name":"language","value":"java"},{"name":"resultFormat","value":"allure2"}],"parameters":[],"links":[],"hidden":false,"retry":false,"extra":{"severity":"normal","retries":[{"uid":"6f251ff99c4c3ad4","status":"broken","statusDetails":"timeout: Timed out receiving message from renderer: 27.629\n  (Session info: chrome=131.0.6778.140)\nBuild info: version: '4.17.0', revision: 'e52b1be057*'\nSystem info: os.name: 'Windows 10', os.arch: 'amd64', os.version: '10.0', java.version: '17.0.7'\nDriver info: org.openqa.selenium.chrome.ChromeDriver\nCommand: [aa26c46861e20dd765565ae2e2a358f5, get {url=http://35.212.77.65/LifelineCorporateI}]\nCapabilities {acceptInsecureCerts: false, browserName: chrome, browserVersion: 131.0.6778.140, chrome: {chromedriverVersion: 131.0.6778.108 (3b014839fbc..., userDataDir: C:\\Users\\Admin\\AppData\\Loca...}, fedcm:accounts: true, goog:chromeOptions: {debuggerAddress: localhost:56499}, networkConnectionEnabled: false, pageLoadStrategy: normal, platformName: windows, proxy: Proxy(), se:cdp: ws://localhost:56499/devtoo..., se:cdpVersion: 131.0.6778.140, setWindowRect: true, strictFileInteractability: false, timeouts: {implicit: 0, pageLoad: 300000, script: 30000}, unhandledPromptBehavior: dismiss and notify, webauthn:extension:credBlob: true, webauthn:extension:largeBlob: true, webauthn:extension:minPinLength: true, webauthn:extension:prf: true, webauthn:virtualAuthenticators: true}\nSession ID: aa26c46861e20dd765565ae2e2a358f5","time":{"start":1734543509255,"stop":1734543540400,"duration":31145}},{"uid":"e555caf284b5b0c6","status":"failed","statusDetails":"null","time":{"start":1734540059675,"stop":1734540107836,"duration":48161}},{"uid":"8c6e895e6665f9d8","status":"broken","statusDetails":"no such window: target window already closed\nfrom unknown error: web view not found\n  (Session info: chrome=131.0.6778.140)\nBuild info: version: '4.17.0', revision: 'e52b1be057*'\nSystem info: os.name: 'Windows 10', os.arch: 'amd64', os.version: '10.0', java.version: '17.0.7'\nDriver info: org.openqa.selenium.chrome.ChromeDriver\nCommand: [cff5320511090469cea40693b2b46fbf, screenshot {}]\nCapabilities {acceptInsecureCerts: false, browserName: chrome, browserVersion: 131.0.6778.140, chrome: {chromedriverVersion: 131.0.6778.108 (3b014839fbc..., userDataDir: C:\\Users\\Admin\\AppData\\Loca...}, fedcm:accounts: true, goog:chromeOptions: {debuggerAddress: localhost:54331}, networkConnectionEnabled: false, pageLoadStrategy: normal, platformName: windows, proxy: Proxy(), se:cdp: ws://localhost:54331/devtoo..., se:cdpVersion: 131.0.6778.140, setWindowRect: true, strictFileInteractability: false, timeouts: {implicit: 0, pageLoad: 300000, script: 30000}, unhandledPromptBehavior: dismiss and notify, webauthn:extension:credBlob: true, webauthn:extension:largeBlob: true, webauthn:extension:minPinLength: true, webauthn:extension:prf: true, webauthn:virtualAuthenticators: true}\nSession ID: cff5320511090469cea40693b2b46fbf","time":{"start":1734539710627,"stop":1734539730060,"duration":19433}},{"uid":"4b6ac6c97fdeb6d0","status":"passed","time":{"start":1734538385373,"stop":1734538585161,"duration":199788}},{"uid":"7a6f9e77552802f1","status":"broken","statusDetails":"timeout: Timed out receiving message from renderer: 21.957\n  (Session info: chrome=131.0.6778.140)\nBuild info: version: '4.17.0', revision: 'e52b1be057*'\nSystem info: os.name: 'Windows 10', os.arch: 'amd64', os.version: '10.0', java.version: '17.0.8.1'\nDriver info: org.openqa.selenium.chrome.ChromeDriver\nCommand: [c89786d1fb6e9c8bb869fc48654cfea2, get {url=http://35.212.77.65/LifelineCorporateI}]\nCapabilities {acceptInsecureCerts: false, browserName: chrome, browserVersion: 131.0.6778.140, chrome: {chromedriverVersion: 131.0.6778.108 (3b014839fbc..., userDataDir: C:\\Users\\Admin\\AppData\\Loca...}, fedcm:accounts: true, goog:chromeOptions: {debuggerAddress: localhost:52985}, networkConnectionEnabled: false, pageLoadStrategy: normal, platformName: windows, proxy: Proxy(), se:cdp: ws://localhost:52985/devtoo..., se:cdpVersion: 131.0.6778.140, setWindowRect: true, strictFileInteractability: false, timeouts: {implicit: 0, pageLoad: 300000, script: 30000}, unhandledPromptBehavior: dismiss and notify, webauthn:extension:credBlob: true, webauthn:extension:largeBlob: true, webauthn:extension:minPinLength: true, webauthn:extension:prf: true, webauthn:virtualAuthenticators: true}\nSession ID: c89786d1fb6e9c8bb869fc48654cfea2","time":{"start":1734538000653,"stop":1734538031865,"duration":31212}},{"uid":"43e3b6d2f077d259","status":"broken","statusDetails":"no such window: target window already closed\nfrom unknown error: web view not found\n  (Session info: chrome=131.0.6778.140)\nBuild info: version: '4.17.0', revision: 'e52b1be057*'\nSystem info: os.name: 'Windows 10', os.arch: 'amd64', os.version: '10.0', java.version: '23.0.1'\nDriver info: org.openqa.selenium.chrome.ChromeDriver\nCommand: [2b1ad0fecb776b0cc4ca622563ad3045, screenshot {}]\nCapabilities {acceptInsecureCerts: false, browserName: chrome, browserVersion: 131.0.6778.140, chrome: {chromedriverVersion: 131.0.6778.108 (3b014839fbc..., userDataDir: C:\\Users\\Admin\\AppData\\Loca...}, fedcm:accounts: true, goog:chromeOptions: {debuggerAddress: localhost:65207}, networkConnectionEnabled: false, pageLoadStrategy: normal, platformName: windows, proxy: Proxy(), se:cdp: ws://localhost:65207/devtoo..., se:cdpVersion: 131.0.6778.140, setWindowRect: true, strictFileInteractability: false, timeouts: {implicit: 0, pageLoad: 300000, script: 30000}, unhandledPromptBehavior: dismiss and notify, webauthn:extension:credBlob: true, webauthn:extension:largeBlob: true, webauthn:extension:minPinLength: true, webauthn:extension:prf: true, webauthn:virtualAuthenticators: true}\nSession ID: 2b1ad0fecb776b0cc4ca622563ad3045","time":{"start":1734532506156,"stop":1734532518730,"duration":12574}},{"uid":"de19faff51c31425","status":"failed","statusDetails":"null","time":{"start":1734524292036,"stop":1734524336896,"duration":44860}},{"uid":"59a5c9278128a82e","status":"broken","statusDetails":"Expected condition failed: waiting for visibility of element located by By.xpath: //label[text()='Saved Successfully']//following::div[@id='divAdd'] (tried for 60 second(s) with 500 milliseconds interval)\nBuild info: version: '4.17.0', revision: 'e52b1be057*'\nSystem info: os.name: 'Windows 10', os.arch: 'amd64', os.version: '10.0', java.version: '17.0.8.1'\nDriver info: org.openqa.selenium.chrome.ChromeDriver\nCapabilities {acceptInsecureCerts: false, browserName: chrome, browserVersion: 131.0.6778.140, chrome: {chromedriverVersion: 131.0.6778.108 (3b014839fbc..., userDataDir: C:\\Users\\Admin\\AppData\\Loca...}, fedcm:accounts: true, goog:chromeOptions: {debuggerAddress: localhost:50473}, networkConnectionEnabled: false, pageLoadStrategy: normal, platformName: windows, proxy: Proxy(), se:cdp: ws://localhost:50473/devtoo..., se:cdpVersion: 131.0.6778.140, setWindowRect: true, strictFileInteractability: false, timeouts: {implicit: 0, pageLoad: 300000, script: 30000}, unhandledPromptBehavior: dismiss and notify, webauthn:extension:credBlob: true, webauthn:extension:largeBlob: true, webauthn:extension:minPinLength: true, webauthn:extension:prf: true, webauthn:virtualAuthenticators: true}\nSession ID: 4ef670d6543660494f62b6bdb6085fa0","time":{"start":1734523632624,"stop":1734523755939,"duration":123315}},{"uid":"a7754cdbbd4f07bc","status":"broken","statusDetails":"Expected condition failed: waiting for visibility of element located by By.xpath: //label[text()='Saved Successfully']//following::div[@id='divAdd'] (tried for 60 second(s) with 500 milliseconds interval)\nBuild info: version: '4.17.0', revision: 'e52b1be057*'\nSystem info: os.name: 'Windows 10', os.arch: 'amd64', os.version: '10.0', java.version: '17.0.8.1'\nDriver info: org.openqa.selenium.chrome.ChromeDriver\nCapabilities {acceptInsecureCerts: false, browserName: chrome, browserVersion: 131.0.6778.140, chrome: {chromedriverVersion: 131.0.6778.108 (3b014839fbc..., userDataDir: C:\\Users\\Admin\\AppData\\Loca...}, fedcm:accounts: true, goog:chromeOptions: {debuggerAddress: localhost:50175}, networkConnectionEnabled: false, pageLoadStrategy: normal, platformName: windows, proxy: Proxy(), se:cdp: ws://localhost:50175/devtoo..., se:cdpVersion: 131.0.6778.140, setWindowRect: true, strictFileInteractability: false, timeouts: {implicit: 0, pageLoad: 300000, script: 30000}, unhandledPromptBehavior: dismiss and notify, webauthn:extension:credBlob: true, webauthn:extension:largeBlob: true, webauthn:extension:minPinLength: true, webauthn:extension:prf: true, webauthn:virtualAuthenticators: true}\nSession ID: 9dcc718ce3616466a345b79f192a10df","time":{"start":1734523414820,"stop":1734523542506,"duration":127686}},{"uid":"3b27ea7345ef0254","status":"failed","statusDetails":"null","time":{"start":1734523223892,"stop":1734523260331,"duration":36439}},{"uid":"7e750d6077175299","status":"passed","time":{"start":1734498605501,"stop":1734498757349,"duration":151848}},{"uid":"cc562dfb8dcb7734","status":"broken","statusDetails":"Cannot invoke \"com.manorama.framework.LogMe.logTestStep(com.aventstack.extentreports.ExtentTest, String, String, boolean)\" because the return value of \"java.lang.ThreadLocal.get()\" is null","time":{"start":1734497752423,"stop":1734497752492,"duration":69}},{"uid":"f57c58be70fc0604","status":"skipped","statusDetails":"Cannot invoke \"com.aventstack.extentreports.ExtentReports.createTest(String)\" because the return value of \"com.manorama.framework.ExtentManager.getInstance()\" is null","time":{"start":1734497558162,"stop":1734497558165,"duration":3}},{"uid":"9bedfcabe02a7373","status":"skipped","statusDetails":"\nCan inject only one of <ITestContext, XmlTest> into a @BeforeSuite annotated startReporting.\nFor more information on native dependency injection please refer to https://testng.org/doc/documentation-main.html#native-dependency-injection","time":{"start":1734497450468,"stop":1734497450471,"duration":3}},{"uid":"95fd55f7a45cbab7","status":"skipped","statusDetails":"Cannot invoke \"String.toUpperCase()\" because \"browserType\" is null","time":{"start":1734497414682,"stop":1734497414686,"duration":4}},{"uid":"3a39173a9787024a","status":"failed","statusDetails":"null","time":{"start":1734435029835,"stop":1734435066027,"duration":36192}},{"uid":"ec2d9f48721ab55a","status":"failed","statusDetails":"null","time":{"start":1734434646581,"stop":1734434682798,"duration":36217}},{"uid":"cd7667fdb54724b3","status":"failed","statusDetails":"null","time":{"start":1734432957914,"stop":1734432994569,"duration":36655}},{"uid":"d5ec4a82e664c6eb","status":"failed","statusDetails":"null","time":{"start":1734432705369,"stop":1734432945496,"duration":240127}},{"uid":"8d2c91230256775b","status":"broken","statusDetails":"no such window: target window already closed\nfrom unknown error: web view not found\n  (Session info: chrome=131.0.6778.140)\nBuild info: version: '4.17.0', revision: 'e52b1be057*'\nSystem info: os.name: 'Windows 10', os.arch: 'amd64', os.version: '10.0', java.version: '17.0.8.1'\nDriver info: org.openqa.selenium.chrome.ChromeDriver\nCommand: [82fe5980965837f6cd91651b4cf0e994, screenshot {}]\nCapabilities {acceptInsecureCerts: false, browserName: chrome, browserVersion: 131.0.6778.140, chrome: {chromedriverVersion: 131.0.6778.108 (3b014839fbc..., userDataDir: C:\\Users\\Admin\\AppData\\Loca...}, fedcm:accounts: true, goog:chromeOptions: {debuggerAddress: localhost:56009}, networkConnectionEnabled: false, pageLoadStrategy: normal, platformName: windows, proxy: Proxy(), se:cdp: ws://localhost:56009/devtoo..., se:cdpVersion: 131.0.6778.140, setWindowRect: true, strictFileInteractability: false, timeouts: {implicit: 0, pageLoad: 300000, script: 30000}, unhandledPromptBehavior: dismiss and notify, webauthn:extension:credBlob: true, webauthn:extension:largeBlob: true, webauthn:extension:minPinLength: true, webauthn:extension:prf: true, webauthn:virtualAuthenticators: true}\nSession ID: 82fe5980965837f6cd91651b4cf0e994","time":{"start":1734424769514,"stop":1734424776885,"duration":7371}},{"uid":"f3f45db6f7affaf6","status":"passed","time":{"start":1734415965681,"stop":1734416106686,"duration":141005}},{"uid":"4918dfab657ebc60","status":"broken","statusDetails":"no such window: target window already closed\nfrom unknown error: web view not found\n  (Session info: chrome=131.0.6778.140)\nBuild info: version: '4.17.0', revision: 'e52b1be057*'\nSystem info: os.name: 'Windows 10', os.arch: 'amd64', os.version: '10.0', java.version: '17.0.8.1'\nDriver info: org.openqa.selenium.chrome.ChromeDriver\nCommand: [39bf909c1c013a1d2576bc97ea0fcafb, screenshot {}]\nCapabilities {acceptInsecureCerts: false, browserName: chrome, browserVersion: 131.0.6778.140, chrome: {chromedriverVersion: 131.0.6778.108 (3b014839fbc..., userDataDir: C:\\Users\\Admin\\AppData\\Loca...}, fedcm:accounts: true, goog:chromeOptions: {debuggerAddress: localhost:61513}, networkConnectionEnabled: false, pageLoadStrategy: normal, platformName: windows, proxy: Proxy(), se:cdp: ws://localhost:61513/devtoo..., se:cdpVersion: 131.0.6778.140, setWindowRect: true, strictFileInteractability: false, timeouts: {implicit: 0, pageLoad: 300000, script: 30000}, unhandledPromptBehavior: dismiss and notify, webauthn:extension:credBlob: true, webauthn:extension:largeBlob: true, webauthn:extension:minPinLength: true, webauthn:extension:prf: true, webauthn:virtualAuthenticators: true}\nSession ID: 39bf909c1c013a1d2576bc97ea0fcafb","time":{"start":1734415448981,"stop":1734415454031,"duration":5050}},{"uid":"ab8b5c1202f67db0","status":"passed","time":{"start":1734413960460,"stop":1734414104404,"duration":143944}},{"uid":"aa35ca1231b2563e","status":"passed","time":{"start":1734413658976,"stop":1734413798307,"duration":139331}},{"uid":"3847efc46189fb3e","status":"passed","time":{"start":1734413097991,"stop":1734413238037,"duration":140046}},{"uid":"52385cfc521404a6","status":"broken","statusDetails":"Destination '.\\screnshot' directory cannot be created","time":{"start":1734412907641,"stop":1734412973739,"duration":66098}},{"uid":"80bfcbc96f05c48","status":"broken","statusDetails":"Expected condition failed: waiting for visibility of element located by By.xpath: //embed[@type='application/pdf'] (tried for 60 second(s) with 500 milliseconds interval)\nBuild info: version: '4.17.0', revision: 'e52b1be057*'\nSystem info: os.name: 'Windows 10', os.arch: 'amd64', os.version: '10.0', java.version: '17.0.8.1'\nDriver info: org.openqa.selenium.chrome.ChromeDriver\nCapabilities {acceptInsecureCerts: false, browserName: chrome, browserVersion: 131.0.6778.140, chrome: {chromedriverVersion: 131.0.6778.108 (3b014839fbc..., userDataDir: C:\\Users\\Admin\\AppData\\Loca...}, fedcm:accounts: true, goog:chromeOptions: {debuggerAddress: localhost:59695}, networkConnectionEnabled: false, pageLoadStrategy: normal, platformName: windows, proxy: Proxy(), se:cdp: ws://localhost:59695/devtoo..., se:cdpVersion: 131.0.6778.140, setWindowRect: true, strictFileInteractability: false, timeouts: {implicit: 0, pageLoad: 300000, script: 30000}, unhandledPromptBehavior: dismiss and notify, webauthn:extension:credBlob: true, webauthn:extension:largeBlob: true, webauthn:extension:minPinLength: true, webauthn:extension:prf: true, webauthn:virtualAuthenticators: true}\nSession ID: 3acf2a45038d10daf47d0fc65202809a","time":{"start":1734412165878,"stop":1734412355342,"duration":189464}}],"categories":[{"name":"Product defects","matchedStatuses":[],"flaky":false}],"history":{"statistic":{"failed":7,"broken":0,"skipped":0,"passed":2,"unknown":0,"total":9},"items":[{"uid":"328ca29803bcf5e3","reportUrl":"http://localhost:8080/job/Manorama/18/allure/#testresult/328ca29803bcf5e3","status":"failed","statusDetails":"null","time":{"start":1734540059675,"stop":1734540107836,"duration":48161}},{"uid":"e0637c9fcef49f6a","reportUrl":"http://localhost:8080/job/Manorama/17/allure/#testresult/e0637c9fcef49f6a","status":"failed","statusDetails":"null","time":{"start":1734540059675,"stop":1734540107836,"duration":48161}},{"uid":"679e4271bb33d95a","reportUrl":"http://localhost:8080/job/Manorama/16/allure/#testresult/679e4271bb33d95a","status":"failed","statusDetails":"null","time":{"start":1734540059675,"stop":1734540107836,"duration":48161}},{"uid":"48a4116bda902155","reportUrl":"http://localhost:8080/job/Manorama/15/allure/#testresult/48a4116bda902155","status":"failed","statusDetails":"null","time":{"start":1734540059675,"stop":1734540107836,"duration":48161}},{"uid":"989ef23e6a36f370","reportUrl":"http://localhost:8080/job/Manorama/14/allure/#testresult/989ef23e6a36f370","status":"failed","statusDetails":"null","time":{"start":1734540059675,"stop":1734540107836,"duration":48161}},{"uid":"407aefbe2d082149","reportUrl":"http://localhost:8080/job/Manorama/13/allure/#testresult/407aefbe2d082149","status":"failed","statusDetails":"null","time":{"start":1734540059675,"stop":1734540107836,"duration":48161}},{"uid":"5c27e9f65a7e8915","reportUrl":"http://localhost:8080/job/Manorama/12/allure/#testresult/5c27e9f65a7e8915","status":"passed","time":{"start":1734413960460,"stop":1734414104404,"duration":143944}},{"uid":"946e8b487c29fa46","reportUrl":"http://localhost:8080/job/Manorama/11/allure/#testresult/946e8b487c29fa46","status":"passed","time":{"start":1734413960460,"stop":1734414104404,"duration":143944}}]},"tags":[]},"source":"be2549405548169d.json","parameterValues":[]}